<?xml version="1.0" encoding="UTF-8"?>
<testsuite name="org.springframework.web.servlet.mvc.method.annotation.ServletAnnotationControllerHandlerMethodTests" tests="225" skipped="0" failures="0" errors="0" timestamp="2021-05-01T09:33:12" hostname="wangweilideMBP.lan" time="10.014">
  <properties/>
  <testcase name="[1] usePathPatterns=true" classname="org.springframework.web.servlet.mvc.method.annotation.ServletAnnotationControllerHandlerMethodTests" time="0.119"/>
  <testcase name="[2] usePathPatterns=false" classname="org.springframework.web.servlet.mvc.method.annotation.ServletAnnotationControllerHandlerMethodTests" time="0.065"/>
  <testcase name="[1] usePathPatterns=true" classname="org.springframework.web.servlet.mvc.method.annotation.ServletAnnotationControllerHandlerMethodTests" time="0.133"/>
  <testcase name="[2] usePathPatterns=false" classname="org.springframework.web.servlet.mvc.method.annotation.ServletAnnotationControllerHandlerMethodTests" time="0.069"/>
  <testcase name="[1] usePathPatterns=true" classname="org.springframework.web.servlet.mvc.method.annotation.ServletAnnotationControllerHandlerMethodTests" time="0.088"/>
  <testcase name="[2] usePathPatterns=false" classname="org.springframework.web.servlet.mvc.method.annotation.ServletAnnotationControllerHandlerMethodTests" time="0.083"/>
  <testcase name="[1] usePathPatterns=true" classname="org.springframework.web.servlet.mvc.method.annotation.ServletAnnotationControllerHandlerMethodTests" time="0.967"/>
  <testcase name="[2] usePathPatterns=false" classname="org.springframework.web.servlet.mvc.method.annotation.ServletAnnotationControllerHandlerMethodTests" time="0.061"/>
  <testcase name="[1] usePathPatterns=true" classname="org.springframework.web.servlet.mvc.method.annotation.ServletAnnotationControllerHandlerMethodTests" time="0.062"/>
  <testcase name="[2] usePathPatterns=false" classname="org.springframework.web.servlet.mvc.method.annotation.ServletAnnotationControllerHandlerMethodTests" time="0.05"/>
  <testcase name="[1] usePathPatterns=true" classname="org.springframework.web.servlet.mvc.method.annotation.ServletAnnotationControllerHandlerMethodTests" time="0.079"/>
  <testcase name="[2] usePathPatterns=false" classname="org.springframework.web.servlet.mvc.method.annotation.ServletAnnotationControllerHandlerMethodTests" time="0.028"/>
  <testcase name="[1] usePathPatterns=true" classname="org.springframework.web.servlet.mvc.method.annotation.ServletAnnotationControllerHandlerMethodTests" time="0.062"/>
  <testcase name="[2] usePathPatterns=false" classname="org.springframework.web.servlet.mvc.method.annotation.ServletAnnotationControllerHandlerMethodTests" time="0.045"/>
  <testcase name="[1] usePathPatterns=true" classname="org.springframework.web.servlet.mvc.method.annotation.ServletAnnotationControllerHandlerMethodTests" time="0.058"/>
  <testcase name="[2] usePathPatterns=false" classname="org.springframework.web.servlet.mvc.method.annotation.ServletAnnotationControllerHandlerMethodTests" time="0.034"/>
  <testcase name="[1] usePathPatterns=true" classname="org.springframework.web.servlet.mvc.method.annotation.ServletAnnotationControllerHandlerMethodTests" time="0.052"/>
  <testcase name="[2] usePathPatterns=false" classname="org.springframework.web.servlet.mvc.method.annotation.ServletAnnotationControllerHandlerMethodTests" time="0.063"/>
  <testcase name="[1] usePathPatterns=true" classname="org.springframework.web.servlet.mvc.method.annotation.ServletAnnotationControllerHandlerMethodTests" time="0.048"/>
  <testcase name="[2] usePathPatterns=false" classname="org.springframework.web.servlet.mvc.method.annotation.ServletAnnotationControllerHandlerMethodTests" time="0.057"/>
  <testcase name="[1] usePathPatterns=true" classname="org.springframework.web.servlet.mvc.method.annotation.ServletAnnotationControllerHandlerMethodTests" time="0.038"/>
  <testcase name="[2] usePathPatterns=false" classname="org.springframework.web.servlet.mvc.method.annotation.ServletAnnotationControllerHandlerMethodTests" time="0.02"/>
  <testcase name="[1] usePathPatterns=true" classname="org.springframework.web.servlet.mvc.method.annotation.ServletAnnotationControllerHandlerMethodTests" time="0.043"/>
  <testcase name="[2] usePathPatterns=false" classname="org.springframework.web.servlet.mvc.method.annotation.ServletAnnotationControllerHandlerMethodTests" time="0.082"/>
  <testcase name="[1] usePathPatterns=true" classname="org.springframework.web.servlet.mvc.method.annotation.ServletAnnotationControllerHandlerMethodTests" time="0.101"/>
  <testcase name="[2] usePathPatterns=false" classname="org.springframework.web.servlet.mvc.method.annotation.ServletAnnotationControllerHandlerMethodTests" time="0.031"/>
  <testcase name="[1] usePathPatterns=true" classname="org.springframework.web.servlet.mvc.method.annotation.ServletAnnotationControllerHandlerMethodTests" time="0.047"/>
  <testcase name="[2] usePathPatterns=false" classname="org.springframework.web.servlet.mvc.method.annotation.ServletAnnotationControllerHandlerMethodTests" time="0.037"/>
  <testcase name="[1] usePathPatterns=true" classname="org.springframework.web.servlet.mvc.method.annotation.ServletAnnotationControllerHandlerMethodTests" time="0.274"/>
  <testcase name="[2] usePathPatterns=false" classname="org.springframework.web.servlet.mvc.method.annotation.ServletAnnotationControllerHandlerMethodTests" time="0.033"/>
  <testcase name="[1] usePathPatterns=true" classname="org.springframework.web.servlet.mvc.method.annotation.ServletAnnotationControllerHandlerMethodTests" time="0.028"/>
  <testcase name="[2] usePathPatterns=false" classname="org.springframework.web.servlet.mvc.method.annotation.ServletAnnotationControllerHandlerMethodTests" time="0.038"/>
  <testcase name="[1] usePathPatterns=true" classname="org.springframework.web.servlet.mvc.method.annotation.ServletAnnotationControllerHandlerMethodTests" time="0.411"/>
  <testcase name="[2] usePathPatterns=false" classname="org.springframework.web.servlet.mvc.method.annotation.ServletAnnotationControllerHandlerMethodTests" time="0.292"/>
  <testcase name="[1] usePathPatterns=true" classname="org.springframework.web.servlet.mvc.method.annotation.ServletAnnotationControllerHandlerMethodTests" time="0.08"/>
  <testcase name="[2] usePathPatterns=false" classname="org.springframework.web.servlet.mvc.method.annotation.ServletAnnotationControllerHandlerMethodTests" time="0.08"/>
  <testcase name="[1] usePathPatterns=true" classname="org.springframework.web.servlet.mvc.method.annotation.ServletAnnotationControllerHandlerMethodTests" time="0.061"/>
  <testcase name="[2] usePathPatterns=false" classname="org.springframework.web.servlet.mvc.method.annotation.ServletAnnotationControllerHandlerMethodTests" time="0.045"/>
  <testcase name="[1] usePathPatterns=true" classname="org.springframework.web.servlet.mvc.method.annotation.ServletAnnotationControllerHandlerMethodTests" time="0.044"/>
  <testcase name="[2] usePathPatterns=false" classname="org.springframework.web.servlet.mvc.method.annotation.ServletAnnotationControllerHandlerMethodTests" time="0.061"/>
  <testcase name="[1] usePathPatterns=true" classname="org.springframework.web.servlet.mvc.method.annotation.ServletAnnotationControllerHandlerMethodTests" time="0.096"/>
  <testcase name="[2] usePathPatterns=false" classname="org.springframework.web.servlet.mvc.method.annotation.ServletAnnotationControllerHandlerMethodTests" time="0.066"/>
  <testcase name="[1] usePathPatterns=true" classname="org.springframework.web.servlet.mvc.method.annotation.ServletAnnotationControllerHandlerMethodTests" time="0.047"/>
  <testcase name="[2] usePathPatterns=false" classname="org.springframework.web.servlet.mvc.method.annotation.ServletAnnotationControllerHandlerMethodTests" time="0.027"/>
  <testcase name="[1] usePathPatterns=true" classname="org.springframework.web.servlet.mvc.method.annotation.ServletAnnotationControllerHandlerMethodTests" time="0.036"/>
  <testcase name="[2] usePathPatterns=false" classname="org.springframework.web.servlet.mvc.method.annotation.ServletAnnotationControllerHandlerMethodTests" time="0.035"/>
  <testcase name="[1] usePathPatterns=true" classname="org.springframework.web.servlet.mvc.method.annotation.ServletAnnotationControllerHandlerMethodTests" time="0.051"/>
  <testcase name="[2] usePathPatterns=false" classname="org.springframework.web.servlet.mvc.method.annotation.ServletAnnotationControllerHandlerMethodTests" time="0.038"/>
  <testcase name="[1] usePathPatterns=true" classname="org.springframework.web.servlet.mvc.method.annotation.ServletAnnotationControllerHandlerMethodTests" time="0.056"/>
  <testcase name="[2] usePathPatterns=false" classname="org.springframework.web.servlet.mvc.method.annotation.ServletAnnotationControllerHandlerMethodTests" time="0.027"/>
  <testcase name="[1] usePathPatterns=true" classname="org.springframework.web.servlet.mvc.method.annotation.ServletAnnotationControllerHandlerMethodTests" time="0.026"/>
  <testcase name="[2] usePathPatterns=false" classname="org.springframework.web.servlet.mvc.method.annotation.ServletAnnotationControllerHandlerMethodTests" time="0.022"/>
  <testcase name="[1] usePathPatterns=true" classname="org.springframework.web.servlet.mvc.method.annotation.ServletAnnotationControllerHandlerMethodTests" time="0.02"/>
  <testcase name="[2] usePathPatterns=false" classname="org.springframework.web.servlet.mvc.method.annotation.ServletAnnotationControllerHandlerMethodTests" time="0.02"/>
  <testcase name="routerFunction()" classname="org.springframework.web.servlet.mvc.method.annotation.ServletAnnotationControllerHandlerMethodTests" time="0.043"/>
  <testcase name="[1] usePathPatterns=true" classname="org.springframework.web.servlet.mvc.method.annotation.ServletAnnotationControllerHandlerMethodTests" time="0.019"/>
  <testcase name="[2] usePathPatterns=false" classname="org.springframework.web.servlet.mvc.method.annotation.ServletAnnotationControllerHandlerMethodTests" time="0.022"/>
  <testcase name="[1] usePathPatterns=true" classname="org.springframework.web.servlet.mvc.method.annotation.ServletAnnotationControllerHandlerMethodTests" time="0.02"/>
  <testcase name="[2] usePathPatterns=false" classname="org.springframework.web.servlet.mvc.method.annotation.ServletAnnotationControllerHandlerMethodTests" time="0.02"/>
  <testcase name="[1] usePathPatterns=true" classname="org.springframework.web.servlet.mvc.method.annotation.ServletAnnotationControllerHandlerMethodTests" time="0.093"/>
  <testcase name="[2] usePathPatterns=false" classname="org.springframework.web.servlet.mvc.method.annotation.ServletAnnotationControllerHandlerMethodTests" time="0.032"/>
  <testcase name="[1] usePathPatterns=true" classname="org.springframework.web.servlet.mvc.method.annotation.ServletAnnotationControllerHandlerMethodTests" time="0.035"/>
  <testcase name="[2] usePathPatterns=false" classname="org.springframework.web.servlet.mvc.method.annotation.ServletAnnotationControllerHandlerMethodTests" time="0.028"/>
  <testcase name="[1] usePathPatterns=true" classname="org.springframework.web.servlet.mvc.method.annotation.ServletAnnotationControllerHandlerMethodTests" time="0.079"/>
  <testcase name="[2] usePathPatterns=false" classname="org.springframework.web.servlet.mvc.method.annotation.ServletAnnotationControllerHandlerMethodTests" time="0.024"/>
  <testcase name="[1] usePathPatterns=true" classname="org.springframework.web.servlet.mvc.method.annotation.ServletAnnotationControllerHandlerMethodTests" time="0.026"/>
  <testcase name="[2] usePathPatterns=false" classname="org.springframework.web.servlet.mvc.method.annotation.ServletAnnotationControllerHandlerMethodTests" time="0.019"/>
  <testcase name="[1] usePathPatterns=true" classname="org.springframework.web.servlet.mvc.method.annotation.ServletAnnotationControllerHandlerMethodTests" time="0.024"/>
  <testcase name="[2] usePathPatterns=false" classname="org.springframework.web.servlet.mvc.method.annotation.ServletAnnotationControllerHandlerMethodTests" time="0.03"/>
  <testcase name="[1] usePathPatterns=true" classname="org.springframework.web.servlet.mvc.method.annotation.ServletAnnotationControllerHandlerMethodTests" time="0.025"/>
  <testcase name="[2] usePathPatterns=false" classname="org.springframework.web.servlet.mvc.method.annotation.ServletAnnotationControllerHandlerMethodTests" time="0.028"/>
  <testcase name="[1] usePathPatterns=true" classname="org.springframework.web.servlet.mvc.method.annotation.ServletAnnotationControllerHandlerMethodTests" time="0.027"/>
  <testcase name="[2] usePathPatterns=false" classname="org.springframework.web.servlet.mvc.method.annotation.ServletAnnotationControllerHandlerMethodTests" time="0.032"/>
  <testcase name="[1] usePathPatterns=true" classname="org.springframework.web.servlet.mvc.method.annotation.ServletAnnotationControllerHandlerMethodTests" time="0.031"/>
  <testcase name="[2] usePathPatterns=false" classname="org.springframework.web.servlet.mvc.method.annotation.ServletAnnotationControllerHandlerMethodTests" time="0.028"/>
  <testcase name="[1] usePathPatterns=true" classname="org.springframework.web.servlet.mvc.method.annotation.ServletAnnotationControllerHandlerMethodTests" time="0.055"/>
  <testcase name="[2] usePathPatterns=false" classname="org.springframework.web.servlet.mvc.method.annotation.ServletAnnotationControllerHandlerMethodTests" time="0.038"/>
  <testcase name="[1] usePathPatterns=true" classname="org.springframework.web.servlet.mvc.method.annotation.ServletAnnotationControllerHandlerMethodTests" time="0.043"/>
  <testcase name="[2] usePathPatterns=false" classname="org.springframework.web.servlet.mvc.method.annotation.ServletAnnotationControllerHandlerMethodTests" time="0.046"/>
  <testcase name="[1] usePathPatterns=true" classname="org.springframework.web.servlet.mvc.method.annotation.ServletAnnotationControllerHandlerMethodTests" time="0.247"/>
  <testcase name="[2] usePathPatterns=false" classname="org.springframework.web.servlet.mvc.method.annotation.ServletAnnotationControllerHandlerMethodTests" time="0.026"/>
  <testcase name="[1] usePathPatterns=true" classname="org.springframework.web.servlet.mvc.method.annotation.ServletAnnotationControllerHandlerMethodTests" time="0.023"/>
  <testcase name="[2] usePathPatterns=false" classname="org.springframework.web.servlet.mvc.method.annotation.ServletAnnotationControllerHandlerMethodTests" time="0.022"/>
  <testcase name="[1] usePathPatterns=true" classname="org.springframework.web.servlet.mvc.method.annotation.ServletAnnotationControllerHandlerMethodTests" time="0.023"/>
  <testcase name="[2] usePathPatterns=false" classname="org.springframework.web.servlet.mvc.method.annotation.ServletAnnotationControllerHandlerMethodTests" time="0.02"/>
  <testcase name="[1] usePathPatterns=true" classname="org.springframework.web.servlet.mvc.method.annotation.ServletAnnotationControllerHandlerMethodTests" time="0.08"/>
  <testcase name="[2] usePathPatterns=false" classname="org.springframework.web.servlet.mvc.method.annotation.ServletAnnotationControllerHandlerMethodTests" time="0.039"/>
  <testcase name="[1] usePathPatterns=true" classname="org.springframework.web.servlet.mvc.method.annotation.ServletAnnotationControllerHandlerMethodTests" time="0.025"/>
  <testcase name="[2] usePathPatterns=false" classname="org.springframework.web.servlet.mvc.method.annotation.ServletAnnotationControllerHandlerMethodTests" time="0.036"/>
  <testcase name="[1] usePathPatterns=true" classname="org.springframework.web.servlet.mvc.method.annotation.ServletAnnotationControllerHandlerMethodTests" time="0.046"/>
  <testcase name="[2] usePathPatterns=false" classname="org.springframework.web.servlet.mvc.method.annotation.ServletAnnotationControllerHandlerMethodTests" time="0.044"/>
  <testcase name="[1] usePathPatterns=true" classname="org.springframework.web.servlet.mvc.method.annotation.ServletAnnotationControllerHandlerMethodTests" time="0.046"/>
  <testcase name="[2] usePathPatterns=false" classname="org.springframework.web.servlet.mvc.method.annotation.ServletAnnotationControllerHandlerMethodTests" time="0.033"/>
  <testcase name="[1] usePathPatterns=true" classname="org.springframework.web.servlet.mvc.method.annotation.ServletAnnotationControllerHandlerMethodTests" time="0.041"/>
  <testcase name="[2] usePathPatterns=false" classname="org.springframework.web.servlet.mvc.method.annotation.ServletAnnotationControllerHandlerMethodTests" time="0.031"/>
  <testcase name="[1] usePathPatterns=true" classname="org.springframework.web.servlet.mvc.method.annotation.ServletAnnotationControllerHandlerMethodTests" time="0.034"/>
  <testcase name="[2] usePathPatterns=false" classname="org.springframework.web.servlet.mvc.method.annotation.ServletAnnotationControllerHandlerMethodTests" time="0.061"/>
  <testcase name="[1] usePathPatterns=true" classname="org.springframework.web.servlet.mvc.method.annotation.ServletAnnotationControllerHandlerMethodTests" time="0.114"/>
  <testcase name="[2] usePathPatterns=false" classname="org.springframework.web.servlet.mvc.method.annotation.ServletAnnotationControllerHandlerMethodTests" time="0.025"/>
  <testcase name="[1] usePathPatterns=true" classname="org.springframework.web.servlet.mvc.method.annotation.ServletAnnotationControllerHandlerMethodTests" time="0.025"/>
  <testcase name="[2] usePathPatterns=false" classname="org.springframework.web.servlet.mvc.method.annotation.ServletAnnotationControllerHandlerMethodTests" time="0.026"/>
  <testcase name="[1] usePathPatterns=true" classname="org.springframework.web.servlet.mvc.method.annotation.ServletAnnotationControllerHandlerMethodTests" time="0.039"/>
  <testcase name="[2] usePathPatterns=false" classname="org.springframework.web.servlet.mvc.method.annotation.ServletAnnotationControllerHandlerMethodTests" time="0.033"/>
  <testcase name="[1] usePathPatterns=true" classname="org.springframework.web.servlet.mvc.method.annotation.ServletAnnotationControllerHandlerMethodTests" time="0.038"/>
  <testcase name="[2] usePathPatterns=false" classname="org.springframework.web.servlet.mvc.method.annotation.ServletAnnotationControllerHandlerMethodTests" time="0.03"/>
  <testcase name="[1] usePathPatterns=true" classname="org.springframework.web.servlet.mvc.method.annotation.ServletAnnotationControllerHandlerMethodTests" time="0.123"/>
  <testcase name="[2] usePathPatterns=false" classname="org.springframework.web.servlet.mvc.method.annotation.ServletAnnotationControllerHandlerMethodTests" time="0.034"/>
  <testcase name="[1] usePathPatterns=true" classname="org.springframework.web.servlet.mvc.method.annotation.ServletAnnotationControllerHandlerMethodTests" time="0.024"/>
  <testcase name="[2] usePathPatterns=false" classname="org.springframework.web.servlet.mvc.method.annotation.ServletAnnotationControllerHandlerMethodTests" time="0.025"/>
  <testcase name="[1] usePathPatterns=true" classname="org.springframework.web.servlet.mvc.method.annotation.ServletAnnotationControllerHandlerMethodTests" time="0.027"/>
  <testcase name="[2] usePathPatterns=false" classname="org.springframework.web.servlet.mvc.method.annotation.ServletAnnotationControllerHandlerMethodTests" time="0.026"/>
  <testcase name="[1] usePathPatterns=true" classname="org.springframework.web.servlet.mvc.method.annotation.ServletAnnotationControllerHandlerMethodTests" time="0.04"/>
  <testcase name="[2] usePathPatterns=false" classname="org.springframework.web.servlet.mvc.method.annotation.ServletAnnotationControllerHandlerMethodTests" time="0.025"/>
  <testcase name="[1] usePathPatterns=true" classname="org.springframework.web.servlet.mvc.method.annotation.ServletAnnotationControllerHandlerMethodTests" time="0.023"/>
  <testcase name="[2] usePathPatterns=false" classname="org.springframework.web.servlet.mvc.method.annotation.ServletAnnotationControllerHandlerMethodTests" time="0.022"/>
  <testcase name="[1] usePathPatterns=true" classname="org.springframework.web.servlet.mvc.method.annotation.ServletAnnotationControllerHandlerMethodTests" time="0.025"/>
  <testcase name="[2] usePathPatterns=false" classname="org.springframework.web.servlet.mvc.method.annotation.ServletAnnotationControllerHandlerMethodTests" time="0.021"/>
  <testcase name="[1] usePathPatterns=true" classname="org.springframework.web.servlet.mvc.method.annotation.ServletAnnotationControllerHandlerMethodTests" time="0.023"/>
  <testcase name="[2] usePathPatterns=false" classname="org.springframework.web.servlet.mvc.method.annotation.ServletAnnotationControllerHandlerMethodTests" time="0.021"/>
  <testcase name="[1] usePathPatterns=true" classname="org.springframework.web.servlet.mvc.method.annotation.ServletAnnotationControllerHandlerMethodTests" time="0.025"/>
  <testcase name="[2] usePathPatterns=false" classname="org.springframework.web.servlet.mvc.method.annotation.ServletAnnotationControllerHandlerMethodTests" time="0.023"/>
  <testcase name="[1] usePathPatterns=true" classname="org.springframework.web.servlet.mvc.method.annotation.ServletAnnotationControllerHandlerMethodTests" time="0.022"/>
  <testcase name="[2] usePathPatterns=false" classname="org.springframework.web.servlet.mvc.method.annotation.ServletAnnotationControllerHandlerMethodTests" time="0.025"/>
  <testcase name="[1] usePathPatterns=true" classname="org.springframework.web.servlet.mvc.method.annotation.ServletAnnotationControllerHandlerMethodTests" time="0.022"/>
  <testcase name="[2] usePathPatterns=false" classname="org.springframework.web.servlet.mvc.method.annotation.ServletAnnotationControllerHandlerMethodTests" time="0.023"/>
  <testcase name="[1] usePathPatterns=true" classname="org.springframework.web.servlet.mvc.method.annotation.ServletAnnotationControllerHandlerMethodTests" time="0.044"/>
  <testcase name="[2] usePathPatterns=false" classname="org.springframework.web.servlet.mvc.method.annotation.ServletAnnotationControllerHandlerMethodTests" time="0.026"/>
  <testcase name="[1] usePathPatterns=true" classname="org.springframework.web.servlet.mvc.method.annotation.ServletAnnotationControllerHandlerMethodTests" time="0.024"/>
  <testcase name="[2] usePathPatterns=false" classname="org.springframework.web.servlet.mvc.method.annotation.ServletAnnotationControllerHandlerMethodTests" time="0.024"/>
  <testcase name="[1] usePathPatterns=true" classname="org.springframework.web.servlet.mvc.method.annotation.ServletAnnotationControllerHandlerMethodTests" time="0.025"/>
  <testcase name="[2] usePathPatterns=false" classname="org.springframework.web.servlet.mvc.method.annotation.ServletAnnotationControllerHandlerMethodTests" time="0.023"/>
  <testcase name="[1] usePathPatterns=true" classname="org.springframework.web.servlet.mvc.method.annotation.ServletAnnotationControllerHandlerMethodTests" time="0.097"/>
  <testcase name="[2] usePathPatterns=false" classname="org.springframework.web.servlet.mvc.method.annotation.ServletAnnotationControllerHandlerMethodTests" time="0.122"/>
  <testcase name="[1] usePathPatterns=true" classname="org.springframework.web.servlet.mvc.method.annotation.ServletAnnotationControllerHandlerMethodTests" time="0.061"/>
  <testcase name="[2] usePathPatterns=false" classname="org.springframework.web.servlet.mvc.method.annotation.ServletAnnotationControllerHandlerMethodTests" time="0.024"/>
  <testcase name="[1] usePathPatterns=true" classname="org.springframework.web.servlet.mvc.method.annotation.ServletAnnotationControllerHandlerMethodTests" time="0.03"/>
  <testcase name="[2] usePathPatterns=false" classname="org.springframework.web.servlet.mvc.method.annotation.ServletAnnotationControllerHandlerMethodTests" time="0.03"/>
  <testcase name="[1] usePathPatterns=true" classname="org.springframework.web.servlet.mvc.method.annotation.ServletAnnotationControllerHandlerMethodTests" time="0.03"/>
  <testcase name="[2] usePathPatterns=false" classname="org.springframework.web.servlet.mvc.method.annotation.ServletAnnotationControllerHandlerMethodTests" time="0.032"/>
  <testcase name="[1] usePathPatterns=true" classname="org.springframework.web.servlet.mvc.method.annotation.ServletAnnotationControllerHandlerMethodTests" time="0.029"/>
  <testcase name="[2] usePathPatterns=false" classname="org.springframework.web.servlet.mvc.method.annotation.ServletAnnotationControllerHandlerMethodTests" time="0.035"/>
  <testcase name="[1] usePathPatterns=true" classname="org.springframework.web.servlet.mvc.method.annotation.ServletAnnotationControllerHandlerMethodTests" time="0.04"/>
  <testcase name="[2] usePathPatterns=false" classname="org.springframework.web.servlet.mvc.method.annotation.ServletAnnotationControllerHandlerMethodTests" time="0.047"/>
  <testcase name="[1] usePathPatterns=true" classname="org.springframework.web.servlet.mvc.method.annotation.ServletAnnotationControllerHandlerMethodTests" time="0.025"/>
  <testcase name="[2] usePathPatterns=false" classname="org.springframework.web.servlet.mvc.method.annotation.ServletAnnotationControllerHandlerMethodTests" time="0.024"/>
  <testcase name="[1] usePathPatterns=true" classname="org.springframework.web.servlet.mvc.method.annotation.ServletAnnotationControllerHandlerMethodTests" time="0.021"/>
  <testcase name="[2] usePathPatterns=false" classname="org.springframework.web.servlet.mvc.method.annotation.ServletAnnotationControllerHandlerMethodTests" time="0.022"/>
  <testcase name="[1] usePathPatterns=true" classname="org.springframework.web.servlet.mvc.method.annotation.ServletAnnotationControllerHandlerMethodTests" time="0.018"/>
  <testcase name="[2] usePathPatterns=false" classname="org.springframework.web.servlet.mvc.method.annotation.ServletAnnotationControllerHandlerMethodTests" time="0.018"/>
  <testcase name="[1] usePathPatterns=true" classname="org.springframework.web.servlet.mvc.method.annotation.ServletAnnotationControllerHandlerMethodTests" time="0.023"/>
  <testcase name="[2] usePathPatterns=false" classname="org.springframework.web.servlet.mvc.method.annotation.ServletAnnotationControllerHandlerMethodTests" time="0.016"/>
  <testcase name="[1] usePathPatterns=true" classname="org.springframework.web.servlet.mvc.method.annotation.ServletAnnotationControllerHandlerMethodTests" time="0.047"/>
  <testcase name="[2] usePathPatterns=false" classname="org.springframework.web.servlet.mvc.method.annotation.ServletAnnotationControllerHandlerMethodTests" time="0.044"/>
  <testcase name="[1] usePathPatterns=true" classname="org.springframework.web.servlet.mvc.method.annotation.ServletAnnotationControllerHandlerMethodTests" time="0.022"/>
  <testcase name="[2] usePathPatterns=false" classname="org.springframework.web.servlet.mvc.method.annotation.ServletAnnotationControllerHandlerMethodTests" time="0.019"/>
  <testcase name="[1] usePathPatterns=true" classname="org.springframework.web.servlet.mvc.method.annotation.ServletAnnotationControllerHandlerMethodTests" time="0.056"/>
  <testcase name="[2] usePathPatterns=false" classname="org.springframework.web.servlet.mvc.method.annotation.ServletAnnotationControllerHandlerMethodTests" time="0.05"/>
  <testcase name="[1] usePathPatterns=true" classname="org.springframework.web.servlet.mvc.method.annotation.ServletAnnotationControllerHandlerMethodTests" time="0.022"/>
  <testcase name="[2] usePathPatterns=false" classname="org.springframework.web.servlet.mvc.method.annotation.ServletAnnotationControllerHandlerMethodTests" time="0.019"/>
  <testcase name="[1] usePathPatterns=true" classname="org.springframework.web.servlet.mvc.method.annotation.ServletAnnotationControllerHandlerMethodTests" time="0.015"/>
  <testcase name="[2] usePathPatterns=false" classname="org.springframework.web.servlet.mvc.method.annotation.ServletAnnotationControllerHandlerMethodTests" time="0.015"/>
  <testcase name="[1] usePathPatterns=true" classname="org.springframework.web.servlet.mvc.method.annotation.ServletAnnotationControllerHandlerMethodTests" time="0.016"/>
  <testcase name="[2] usePathPatterns=false" classname="org.springframework.web.servlet.mvc.method.annotation.ServletAnnotationControllerHandlerMethodTests" time="0.015"/>
  <testcase name="[1] usePathPatterns=true" classname="org.springframework.web.servlet.mvc.method.annotation.ServletAnnotationControllerHandlerMethodTests" time="0.015"/>
  <testcase name="[2] usePathPatterns=false" classname="org.springframework.web.servlet.mvc.method.annotation.ServletAnnotationControllerHandlerMethodTests" time="0.016"/>
  <testcase name="[1] usePathPatterns=true" classname="org.springframework.web.servlet.mvc.method.annotation.ServletAnnotationControllerHandlerMethodTests" time="0.019"/>
  <testcase name="[2] usePathPatterns=false" classname="org.springframework.web.servlet.mvc.method.annotation.ServletAnnotationControllerHandlerMethodTests" time="0.017"/>
  <testcase name="[1] usePathPatterns=true" classname="org.springframework.web.servlet.mvc.method.annotation.ServletAnnotationControllerHandlerMethodTests" time="0.029"/>
  <testcase name="[2] usePathPatterns=false" classname="org.springframework.web.servlet.mvc.method.annotation.ServletAnnotationControllerHandlerMethodTests" time="0.031"/>
  <testcase name="[1] usePathPatterns=true" classname="org.springframework.web.servlet.mvc.method.annotation.ServletAnnotationControllerHandlerMethodTests" time="0.021"/>
  <testcase name="[2] usePathPatterns=false" classname="org.springframework.web.servlet.mvc.method.annotation.ServletAnnotationControllerHandlerMethodTests" time="0.021"/>
  <testcase name="[1] usePathPatterns=true" classname="org.springframework.web.servlet.mvc.method.annotation.ServletAnnotationControllerHandlerMethodTests" time="0.016"/>
  <testcase name="[2] usePathPatterns=false" classname="org.springframework.web.servlet.mvc.method.annotation.ServletAnnotationControllerHandlerMethodTests" time="0.014"/>
  <testcase name="[1] usePathPatterns=true" classname="org.springframework.web.servlet.mvc.method.annotation.ServletAnnotationControllerHandlerMethodTests" time="0.016"/>
  <testcase name="[2] usePathPatterns=false" classname="org.springframework.web.servlet.mvc.method.annotation.ServletAnnotationControllerHandlerMethodTests" time="0.015"/>
  <testcase name="[1] usePathPatterns=true" classname="org.springframework.web.servlet.mvc.method.annotation.ServletAnnotationControllerHandlerMethodTests" time="0.017"/>
  <testcase name="[2] usePathPatterns=false" classname="org.springframework.web.servlet.mvc.method.annotation.ServletAnnotationControllerHandlerMethodTests" time="0.018"/>
  <testcase name="[1] usePathPatterns=true" classname="org.springframework.web.servlet.mvc.method.annotation.ServletAnnotationControllerHandlerMethodTests" time="0.017"/>
  <testcase name="[2] usePathPatterns=false" classname="org.springframework.web.servlet.mvc.method.annotation.ServletAnnotationControllerHandlerMethodTests" time="0.022"/>
  <testcase name="[1] usePathPatterns=true" classname="org.springframework.web.servlet.mvc.method.annotation.ServletAnnotationControllerHandlerMethodTests" time="0.023"/>
  <testcase name="[2] usePathPatterns=false" classname="org.springframework.web.servlet.mvc.method.annotation.ServletAnnotationControllerHandlerMethodTests" time="0.018"/>
  <testcase name="[1] usePathPatterns=true" classname="org.springframework.web.servlet.mvc.method.annotation.ServletAnnotationControllerHandlerMethodTests" time="0.02"/>
  <testcase name="[2] usePathPatterns=false" classname="org.springframework.web.servlet.mvc.method.annotation.ServletAnnotationControllerHandlerMethodTests" time="0.016"/>
  <testcase name="[1] usePathPatterns=true" classname="org.springframework.web.servlet.mvc.method.annotation.ServletAnnotationControllerHandlerMethodTests" time="0.025"/>
  <testcase name="[2] usePathPatterns=false" classname="org.springframework.web.servlet.mvc.method.annotation.ServletAnnotationControllerHandlerMethodTests" time="0.024"/>
  <testcase name="[1] usePathPatterns=true" classname="org.springframework.web.servlet.mvc.method.annotation.ServletAnnotationControllerHandlerMethodTests" time="0.018"/>
  <testcase name="[2] usePathPatterns=false" classname="org.springframework.web.servlet.mvc.method.annotation.ServletAnnotationControllerHandlerMethodTests" time="0.019"/>
  <testcase name="[1] usePathPatterns=true" classname="org.springframework.web.servlet.mvc.method.annotation.ServletAnnotationControllerHandlerMethodTests" time="0.029"/>
  <testcase name="[2] usePathPatterns=false" classname="org.springframework.web.servlet.mvc.method.annotation.ServletAnnotationControllerHandlerMethodTests" time="0.02"/>
  <testcase name="[1] usePathPatterns=true" classname="org.springframework.web.servlet.mvc.method.annotation.ServletAnnotationControllerHandlerMethodTests" time="0.029"/>
  <testcase name="[2] usePathPatterns=false" classname="org.springframework.web.servlet.mvc.method.annotation.ServletAnnotationControllerHandlerMethodTests" time="0.018"/>
  <testcase name="[1] usePathPatterns=true" classname="org.springframework.web.servlet.mvc.method.annotation.ServletAnnotationControllerHandlerMethodTests" time="0.023"/>
  <testcase name="[2] usePathPatterns=false" classname="org.springframework.web.servlet.mvc.method.annotation.ServletAnnotationControllerHandlerMethodTests" time="0.021"/>
  <testcase name="[1] usePathPatterns=true" classname="org.springframework.web.servlet.mvc.method.annotation.ServletAnnotationControllerHandlerMethodTests" time="0.017"/>
  <testcase name="[2] usePathPatterns=false" classname="org.springframework.web.servlet.mvc.method.annotation.ServletAnnotationControllerHandlerMethodTests" time="0.017"/>
  <testcase name="[1] usePathPatterns=true" classname="org.springframework.web.servlet.mvc.method.annotation.ServletAnnotationControllerHandlerMethodTests" time="0.017"/>
  <testcase name="[2] usePathPatterns=false" classname="org.springframework.web.servlet.mvc.method.annotation.ServletAnnotationControllerHandlerMethodTests" time="0.014"/>
  <testcase name="[1] usePathPatterns=true" classname="org.springframework.web.servlet.mvc.method.annotation.ServletAnnotationControllerHandlerMethodTests" time="0.017"/>
  <testcase name="[2] usePathPatterns=false" classname="org.springframework.web.servlet.mvc.method.annotation.ServletAnnotationControllerHandlerMethodTests" time="0.018"/>
  <testcase name="[1] usePathPatterns=true" classname="org.springframework.web.servlet.mvc.method.annotation.ServletAnnotationControllerHandlerMethodTests" time="0.015"/>
  <testcase name="[2] usePathPatterns=false" classname="org.springframework.web.servlet.mvc.method.annotation.ServletAnnotationControllerHandlerMethodTests" time="0.023"/>
  <testcase name="[1] usePathPatterns=true" classname="org.springframework.web.servlet.mvc.method.annotation.ServletAnnotationControllerHandlerMethodTests" time="0.015"/>
  <testcase name="[2] usePathPatterns=false" classname="org.springframework.web.servlet.mvc.method.annotation.ServletAnnotationControllerHandlerMethodTests" time="0.014"/>
  <testcase name="[1] usePathPatterns=true" classname="org.springframework.web.servlet.mvc.method.annotation.ServletAnnotationControllerHandlerMethodTests" time="0.016"/>
  <testcase name="[2] usePathPatterns=false" classname="org.springframework.web.servlet.mvc.method.annotation.ServletAnnotationControllerHandlerMethodTests" time="0.014"/>
  <testcase name="[1] usePathPatterns=true" classname="org.springframework.web.servlet.mvc.method.annotation.ServletAnnotationControllerHandlerMethodTests" time="0.022"/>
  <testcase name="[2] usePathPatterns=false" classname="org.springframework.web.servlet.mvc.method.annotation.ServletAnnotationControllerHandlerMethodTests" time="0.023"/>
  <testcase name="[1] usePathPatterns=true" classname="org.springframework.web.servlet.mvc.method.annotation.ServletAnnotationControllerHandlerMethodTests" time="0.016"/>
  <testcase name="[2] usePathPatterns=false" classname="org.springframework.web.servlet.mvc.method.annotation.ServletAnnotationControllerHandlerMethodTests" time="0.015"/>
  <testcase name="[1] usePathPatterns=true" classname="org.springframework.web.servlet.mvc.method.annotation.ServletAnnotationControllerHandlerMethodTests" time="0.016"/>
  <testcase name="[2] usePathPatterns=false" classname="org.springframework.web.servlet.mvc.method.annotation.ServletAnnotationControllerHandlerMethodTests" time="0.017"/>
  <testcase name="[1] usePathPatterns=true" classname="org.springframework.web.servlet.mvc.method.annotation.ServletAnnotationControllerHandlerMethodTests" time="0.016"/>
  <testcase name="[2] usePathPatterns=false" classname="org.springframework.web.servlet.mvc.method.annotation.ServletAnnotationControllerHandlerMethodTests" time="0.019"/>
  <testcase name="[1] usePathPatterns=true" classname="org.springframework.web.servlet.mvc.method.annotation.ServletAnnotationControllerHandlerMethodTests" time="0.018"/>
  <testcase name="[2] usePathPatterns=false" classname="org.springframework.web.servlet.mvc.method.annotation.ServletAnnotationControllerHandlerMethodTests" time="0.018"/>
  <testcase name="[1] usePathPatterns=true" classname="org.springframework.web.servlet.mvc.method.annotation.ServletAnnotationControllerHandlerMethodTests" time="0.015"/>
  <testcase name="[2] usePathPatterns=false" classname="org.springframework.web.servlet.mvc.method.annotation.ServletAnnotationControllerHandlerMethodTests" time="0.014"/>
  <testcase name="[1] usePathPatterns=true" classname="org.springframework.web.servlet.mvc.method.annotation.ServletAnnotationControllerHandlerMethodTests" time="0.015"/>
  <testcase name="[2] usePathPatterns=false" classname="org.springframework.web.servlet.mvc.method.annotation.ServletAnnotationControllerHandlerMethodTests" time="0.015"/>
  <testcase name="[1] usePathPatterns=true" classname="org.springframework.web.servlet.mvc.method.annotation.ServletAnnotationControllerHandlerMethodTests" time="0.018"/>
  <testcase name="[2] usePathPatterns=false" classname="org.springframework.web.servlet.mvc.method.annotation.ServletAnnotationControllerHandlerMethodTests" time="0.016"/>
  <testcase name="[1] usePathPatterns=true" classname="org.springframework.web.servlet.mvc.method.annotation.ServletAnnotationControllerHandlerMethodTests" time="0.027"/>
  <testcase name="[2] usePathPatterns=false" classname="org.springframework.web.servlet.mvc.method.annotation.ServletAnnotationControllerHandlerMethodTests" time="0.023"/>
  <testcase name="[1] usePathPatterns=true" classname="org.springframework.web.servlet.mvc.method.annotation.ServletAnnotationControllerHandlerMethodTests" time="0.021"/>
  <testcase name="[2] usePathPatterns=false" classname="org.springframework.web.servlet.mvc.method.annotation.ServletAnnotationControllerHandlerMethodTests" time="0.023"/>
  <system-out><![CDATA[17:33:14.109 [Test worker] WARN  o.s.w.s.m.s.DefaultHandlerExceptionResolver - Resolved [org.springframework.web.HttpMediaTypeNotSupportedException: Content type 'application/pdf' not supported]
17:33:14.155 [Test worker] WARN  o.s.w.s.m.s.DefaultHandlerExceptionResolver - Resolved [org.springframework.web.HttpMediaTypeNotSupportedException: Content type 'application/pdf' not supported]
17:33:14.445 [Test worker] WARN  o.s.w.s.PageNotFound - No mapping for GET /bogus-unmapped
17:33:14.503 [Test worker] WARN  o.s.w.s.PageNotFound - No mapping for GET /bogus-unmapped
17:33:14.515 [Test worker] ERROR o.s.w.s.m.m.a.AbstractServletHandlerMethodTests$1 - Context initialization failed
org.springframework.beans.factory.BeanCreationException: Error creating bean with name 'handlerMapping': Invocation of init method failed; nested exception is java.lang.IllegalStateException: Ambiguous mapping. Cannot map 'ChildController' method 
org.springframework.web.servlet.mvc.method.annotation.ServletAnnotationControllerHandlerMethodTests$ChildController#doGet(HttpServletRequest, HttpServletResponse)
to {GET [/child/test]}: There is already 'ChildController' bean method
org.springframework.web.servlet.mvc.method.annotation.ServletAnnotationControllerHandlerMethodTests$ChildController#doGet(HttpServletRequest, HttpServletResponse, String) mapped.
	at org.springframework.beans.factory.support.AbstractAutowireCapableBeanFactory.initializeBean(AbstractAutowireCapableBeanFactory.java:1786) ~[spring-beans-5.3.7-SNAPSHOT.jar:5.3.7-SNAPSHOT]
	at org.springframework.beans.factory.support.AbstractAutowireCapableBeanFactory.doCreateBean(AbstractAutowireCapableBeanFactory.java:602) ~[spring-beans-5.3.7-SNAPSHOT.jar:5.3.7-SNAPSHOT]
	at org.springframework.beans.factory.support.AbstractAutowireCapableBeanFactory.createBean(AbstractAutowireCapableBeanFactory.java:524) ~[spring-beans-5.3.7-SNAPSHOT.jar:5.3.7-SNAPSHOT]
	at org.springframework.beans.factory.support.AbstractBeanFactory.lambda$doGetBean$0(AbstractBeanFactory.java:335) ~[spring-beans-5.3.7-SNAPSHOT.jar:5.3.7-SNAPSHOT]
	at org.springframework.beans.factory.support.DefaultSingletonBeanRegistry.getSingleton(DefaultSingletonBeanRegistry.java:234) ~[spring-beans-5.3.7-SNAPSHOT.jar:5.3.7-SNAPSHOT]
	at org.springframework.beans.factory.support.AbstractBeanFactory.doGetBean(AbstractBeanFactory.java:333) ~[spring-beans-5.3.7-SNAPSHOT.jar:5.3.7-SNAPSHOT]
	at org.springframework.beans.factory.support.AbstractBeanFactory.getBean(AbstractBeanFactory.java:208) ~[spring-beans-5.3.7-SNAPSHOT.jar:5.3.7-SNAPSHOT]
	at org.springframework.beans.factory.support.DefaultListableBeanFactory.preInstantiateSingletons(DefaultListableBeanFactory.java:944) ~[spring-beans-5.3.7-SNAPSHOT.jar:5.3.7-SNAPSHOT]
	at org.springframework.context.support.AbstractApplicationContext.finishBeanFactoryInitialization(AbstractApplicationContext.java:918) ~[spring-context-5.3.7-SNAPSHOT.jar:5.3.7-SNAPSHOT]
	at org.springframework.context.support.AbstractApplicationContext.refresh(AbstractApplicationContext.java:583) ~[spring-context-5.3.7-SNAPSHOT.jar:5.3.7-SNAPSHOT]
	at org.springframework.web.servlet.mvc.method.annotation.AbstractServletHandlerMethodTests$1.createWebApplicationContext(AbstractServletHandlerMethodTests.java:111) ~[test/:?]
	at org.springframework.web.servlet.FrameworkServlet.initWebApplicationContext(FrameworkServlet.java:591) ~[spring-webmvc-5.3.7-SNAPSHOT.jar:?]
	at org.springframework.web.servlet.FrameworkServlet.initServletBean(FrameworkServlet.java:530) ~[spring-webmvc-5.3.7-SNAPSHOT.jar:?]
	at org.springframework.web.servlet.HttpServletBean.init(HttpServletBean.java:170) ~[spring-webmvc-5.3.7-SNAPSHOT.jar:?]
	at javax.servlet.GenericServlet.init(GenericServlet.java:203) ~[javax.servlet-api-4.0.1.jar:4.0.1]
	at org.springframework.web.servlet.mvc.method.annotation.AbstractServletHandlerMethodTests.initDispatcherServlet(AbstractServletHandlerMethodTests.java:116) ~[test/:?]
	at org.springframework.web.servlet.mvc.method.annotation.AbstractServletHandlerMethodTests.initDispatcherServlet(AbstractServletHandlerMethodTests.java:70) ~[test/:?]
	at org.springframework.web.servlet.mvc.method.annotation.ServletAnnotationControllerHandlerMethodTests.lambda$equivalentMappingsWithSameMethodName$20(ServletAnnotationControllerHandlerMethodTests.java:849) ~[test/:?]
	at org.assertj.core.api.ThrowableAssert.catchThrowable(ThrowableAssert.java:62) ~[assertj-core-3.19.0.jar:?]
	at org.assertj.core.api.AssertionsForClassTypes.catchThrowable(AssertionsForClassTypes.java:877) ~[assertj-core-3.19.0.jar:?]
	at org.assertj.core.api.Assertions.catchThrowable(Assertions.java:1306) ~[assertj-core-3.19.0.jar:?]
	at org.assertj.core.api.Assertions.assertThatThrownBy(Assertions.java:1178) ~[assertj-core-3.19.0.jar:?]
	at org.springframework.web.servlet.mvc.method.annotation.ServletAnnotationControllerHandlerMethodTests.equivalentMappingsWithSameMethodName(ServletAnnotationControllerHandlerMethodTests.java:849) ~[test/:?]
	at sun.reflect.NativeMethodAccessorImpl.invoke0(Native Method) ~[?:1.8.0_181]
	at sun.reflect.NativeMethodAccessorImpl.invoke(NativeMethodAccessorImpl.java:62) ~[?:1.8.0_181]
	at sun.reflect.DelegatingMethodAccessorImpl.invoke(DelegatingMethodAccessorImpl.java:43) ~[?:1.8.0_181]
	at java.lang.reflect.Method.invoke(Method.java:498) ~[?:1.8.0_181]
	at org.junit.platform.commons.util.ReflectionUtils.invokeMethod(ReflectionUtils.java:688) ~[junit-platform-commons-1.7.1.jar:1.7.1]
	at org.junit.jupiter.engine.execution.MethodInvocation.proceed(MethodInvocation.java:60) ~[junit-jupiter-engine-5.7.1.jar:5.7.1]
	at org.junit.jupiter.engine.execution.InvocationInterceptorChain$ValidatingInvocation.proceed(InvocationInterceptorChain.java:131) ~[junit-jupiter-engine-5.7.1.jar:5.7.1]
	at org.junit.jupiter.engine.extension.TimeoutExtension.intercept(TimeoutExtension.java:149) ~[junit-jupiter-engine-5.7.1.jar:5.7.1]
	at org.junit.jupiter.engine.extension.TimeoutExtension.interceptTestableMethod(TimeoutExtension.java:140) ~[junit-jupiter-engine-5.7.1.jar:5.7.1]
	at org.junit.jupiter.engine.extension.TimeoutExtension.interceptTestTemplateMethod(TimeoutExtension.java:92) ~[junit-jupiter-engine-5.7.1.jar:5.7.1]
	at org.junit.jupiter.engine.execution.ExecutableInvoker$ReflectiveInterceptorCall.lambda$ofVoidMethod$0(ExecutableInvoker.java:115) ~[junit-jupiter-engine-5.7.1.jar:5.7.1]
	at org.junit.jupiter.engine.execution.ExecutableInvoker.lambda$invoke$0(ExecutableInvoker.java:105) ~[junit-jupiter-engine-5.7.1.jar:5.7.1]
	at org.junit.jupiter.engine.execution.InvocationInterceptorChain$InterceptedInvocation.proceed(InvocationInterceptorChain.java:106) ~[junit-jupiter-engine-5.7.1.jar:5.7.1]
	at org.junit.jupiter.engine.execution.InvocationInterceptorChain.proceed(InvocationInterceptorChain.java:64) ~[junit-jupiter-engine-5.7.1.jar:5.7.1]
	at org.junit.jupiter.engine.execution.InvocationInterceptorChain.chainAndInvoke(InvocationInterceptorChain.java:45) ~[junit-jupiter-engine-5.7.1.jar:5.7.1]
	at org.junit.jupiter.engine.execution.InvocationInterceptorChain.invoke(InvocationInterceptorChain.java:37) ~[junit-jupiter-engine-5.7.1.jar:5.7.1]
	at org.junit.jupiter.engine.execution.ExecutableInvoker.invoke(ExecutableInvoker.java:104) ~[junit-jupiter-engine-5.7.1.jar:5.7.1]
	at org.junit.jupiter.engine.execution.ExecutableInvoker.invoke(ExecutableInvoker.java:98) ~[junit-jupiter-engine-5.7.1.jar:5.7.1]
	at org.junit.jupiter.engine.descriptor.TestMethodTestDescriptor.lambda$invokeTestMethod$6(TestMethodTestDescriptor.java:210) ~[junit-jupiter-engine-5.7.1.jar:5.7.1]
	at org.junit.platform.engine.support.hierarchical.ThrowableCollector.execute(ThrowableCollector.java:73) ~[junit-platform-engine-1.7.1.jar:1.7.1]
	at org.junit.jupiter.engine.descriptor.TestMethodTestDescriptor.invokeTestMethod(TestMethodTestDescriptor.java:206) ~[junit-jupiter-engine-5.7.1.jar:5.7.1]
	at org.junit.jupiter.engine.descriptor.TestMethodTestDescriptor.execute(TestMethodTestDescriptor.java:131) ~[junit-jupiter-engine-5.7.1.jar:5.7.1]
	at org.junit.jupiter.engine.descriptor.TestMethodTestDescriptor.execute(TestMethodTestDescriptor.java:65) ~[junit-jupiter-engine-5.7.1.jar:5.7.1]
	at org.junit.platform.engine.support.hierarchical.NodeTestTask.lambda$executeRecursively$5(NodeTestTask.java:139) ~[junit-platform-engine-1.7.1.jar:1.7.1]
	at org.junit.platform.engine.support.hierarchical.ThrowableCollector.execute(ThrowableCollector.java:73) ~[junit-platform-engine-1.7.1.jar:1.7.1]
	at org.junit.platform.engine.support.hierarchical.NodeTestTask.lambda$executeRecursively$7(NodeTestTask.java:129) ~[junit-platform-engine-1.7.1.jar:1.7.1]
	at org.junit.platform.engine.support.hierarchical.Node.around(Node.java:137) ~[junit-platform-engine-1.7.1.jar:1.7.1]
	at org.junit.platform.engine.support.hierarchical.NodeTestTask.lambda$executeRecursively$8(NodeTestTask.java:127) ~[junit-platform-engine-1.7.1.jar:1.7.1]
	at org.junit.platform.engine.support.hierarchical.ThrowableCollector.execute(ThrowableCollector.java:73) ~[junit-platform-engine-1.7.1.jar:1.7.1]
	at org.junit.platform.engine.support.hierarchical.NodeTestTask.executeRecursively(NodeTestTask.java:126) ~[junit-platform-engine-1.7.1.jar:1.7.1]
	at org.junit.platform.engine.support.hierarchical.NodeTestTask.execute(NodeTestTask.java:84) ~[junit-platform-engine-1.7.1.jar:1.7.1]
	at org.junit.platform.engine.support.hierarchical.SameThreadHierarchicalTestExecutorService.submit(SameThreadHierarchicalTestExecutorService.java:32) ~[junit-platform-engine-1.7.1.jar:1.7.1]
	at org.junit.platform.engine.support.hierarchical.NodeTestTask$DefaultDynamicTestExecutor.execute(NodeTestTask.java:212) ~[junit-platform-engine-1.7.1.jar:1.7.1]
	at org.junit.platform.engine.support.hierarchical.NodeTestTask$DefaultDynamicTestExecutor.execute(NodeTestTask.java:192) ~[junit-platform-engine-1.7.1.jar:1.7.1]
	at org.junit.jupiter.engine.descriptor.TestTemplateTestDescriptor.execute(TestTemplateTestDescriptor.java:139) ~[junit-jupiter-engine-5.7.1.jar:5.7.1]
	at org.junit.jupiter.engine.descriptor.TestTemplateTestDescriptor.lambda$execute$2(TestTemplateTestDescriptor.java:107) ~[junit-jupiter-engine-5.7.1.jar:5.7.1]
	at java.util.stream.ForEachOps$ForEachOp$OfRef.accept(ForEachOps.java:184) ~[?:1.8.0_181]
	at java.util.stream.ReferencePipeline$3$1.accept(ReferencePipeline.java:193) ~[?:1.8.0_181]
	at java.util.stream.ReferencePipeline$2$1.accept(ReferencePipeline.java:175) ~[?:1.8.0_181]
	at java.util.stream.ReferencePipeline$3$1.accept(ReferencePipeline.java:193) ~[?:1.8.0_181]
	at java.util.stream.ForEachOps$ForEachOp$OfRef.accept(ForEachOps.java:184) ~[?:1.8.0_181]
	at java.util.stream.ReferencePipeline$11$1.accept(ReferencePipeline.java:373) ~[?:1.8.0_181]
	at java.util.stream.ReferencePipeline$3$1.accept(ReferencePipeline.java:193) ~[?:1.8.0_181]
	at java.util.stream.ReferencePipeline$3$1.accept(ReferencePipeline.java:193) ~[?:1.8.0_181]
	at java.util.stream.ReferencePipeline$3$1.accept(ReferencePipeline.java:193) ~[?:1.8.0_181]
	at java.util.stream.ForEachOps$ForEachOp$OfRef.accept(ForEachOps.java:184) ~[?:1.8.0_181]
	at java.util.stream.ReferencePipeline$3$1.accept(ReferencePipeline.java:193) ~[?:1.8.0_181]
	at java.util.Spliterators$ArraySpliterator.forEachRemaining(Spliterators.java:948) ~[?:1.8.0_181]
	at java.util.stream.ReferencePipeline$Head.forEach(ReferencePipeline.java:580) ~[?:1.8.0_181]
	at java.util.stream.ReferencePipeline$7$1.accept(ReferencePipeline.java:270) ~[?:1.8.0_181]
	at java.util.stream.ReferencePipeline$3$1.accept(ReferencePipeline.java:193) ~[?:1.8.0_181]
	at java.util.stream.ReferencePipeline$3$1.accept(ReferencePipeline.java:193) ~[?:1.8.0_181]
	at java.util.Spliterators$ArraySpliterator.forEachRemaining(Spliterators.java:948) ~[?:1.8.0_181]
	at java.util.stream.AbstractPipeline.copyInto(AbstractPipeline.java:481) ~[?:1.8.0_181]
	at java.util.stream.AbstractPipeline.wrapAndCopyInto(AbstractPipeline.java:471) ~[?:1.8.0_181]
	at java.util.stream.ForEachOps$ForEachOp.evaluateSequential(ForEachOps.java:151) ~[?:1.8.0_181]
	at java.util.stream.ForEachOps$ForEachOp$OfRef.evaluateSequential(ForEachOps.java:174) ~[?:1.8.0_181]
	at java.util.stream.AbstractPipeline.evaluate(AbstractPipeline.java:234) ~[?:1.8.0_181]
	at java.util.stream.ReferencePipeline.forEach(ReferencePipeline.java:418) ~[?:1.8.0_181]
	at java.util.stream.ReferencePipeline$7$1.accept(ReferencePipeline.java:270) ~[?:1.8.0_181]
	at java.util.stream.ReferencePipeline$3$1.accept(ReferencePipeline.java:193) ~[?:1.8.0_181]
	at java.util.stream.ReferencePipeline$3$1.accept(ReferencePipeline.java:193) ~[?:1.8.0_181]
	at java.util.stream.ReferencePipeline$3$1.accept(ReferencePipeline.java:193) ~[?:1.8.0_181]
	at java.util.ArrayList$ArrayListSpliterator.forEachRemaining(ArrayList.java:1382) ~[?:1.8.0_181]
	at java.util.stream.AbstractPipeline.copyInto(AbstractPipeline.java:481) ~[?:1.8.0_181]
	at java.util.stream.AbstractPipeline.wrapAndCopyInto(AbstractPipeline.java:471) ~[?:1.8.0_181]
	at java.util.stream.ForEachOps$ForEachOp.evaluateSequential(ForEachOps.java:151) ~[?:1.8.0_181]
	at java.util.stream.ForEachOps$ForEachOp$OfRef.evaluateSequential(ForEachOps.java:174) ~[?:1.8.0_181]
	at java.util.stream.AbstractPipeline.evaluate(AbstractPipeline.java:234) ~[?:1.8.0_181]
	at java.util.stream.ReferencePipeline.forEach(ReferencePipeline.java:418) ~[?:1.8.0_181]
	at java.util.stream.ReferencePipeline$7$1.accept(ReferencePipeline.java:270) ~[?:1.8.0_181]
	at java.util.ArrayList$ArrayListSpliterator.forEachRemaining(ArrayList.java:1382) ~[?:1.8.0_181]
	at java.util.stream.AbstractPipeline.copyInto(AbstractPipeline.java:481) ~[?:1.8.0_181]
	at java.util.stream.AbstractPipeline.wrapAndCopyInto(AbstractPipeline.java:471) ~[?:1.8.0_181]
	at java.util.stream.ForEachOps$ForEachOp.evaluateSequential(ForEachOps.java:151) ~[?:1.8.0_181]
	at java.util.stream.ForEachOps$ForEachOp$OfRef.evaluateSequential(ForEachOps.java:174) ~[?:1.8.0_181]
	at java.util.stream.AbstractPipeline.evaluate(AbstractPipeline.java:234) ~[?:1.8.0_181]
	at java.util.stream.ReferencePipeline.forEach(ReferencePipeline.java:418) ~[?:1.8.0_181]
	at org.junit.jupiter.engine.descriptor.TestTemplateTestDescriptor.execute(TestTemplateTestDescriptor.java:107) ~[junit-jupiter-engine-5.7.1.jar:5.7.1]
	at org.junit.jupiter.engine.descriptor.TestTemplateTestDescriptor.execute(TestTemplateTestDescriptor.java:42) ~[junit-jupiter-engine-5.7.1.jar:5.7.1]
	at org.junit.platform.engine.support.hierarchical.NodeTestTask.lambda$executeRecursively$5(NodeTestTask.java:139) ~[junit-platform-engine-1.7.1.jar:1.7.1]
	at org.junit.platform.engine.support.hierarchical.ThrowableCollector.execute(ThrowableCollector.java:73) ~[junit-platform-engine-1.7.1.jar:1.7.1]
	at org.junit.platform.engine.support.hierarchical.NodeTestTask.lambda$executeRecursively$7(NodeTestTask.java:129) ~[junit-platform-engine-1.7.1.jar:1.7.1]
	at org.junit.platform.engine.support.hierarchical.Node.around(Node.java:137) ~[junit-platform-engine-1.7.1.jar:1.7.1]
	at org.junit.platform.engine.support.hierarchical.NodeTestTask.lambda$executeRecursively$8(NodeTestTask.java:127) ~[junit-platform-engine-1.7.1.jar:1.7.1]
	at org.junit.platform.engine.support.hierarchical.ThrowableCollector.execute(ThrowableCollector.java:73) ~[junit-platform-engine-1.7.1.jar:1.7.1]
	at org.junit.platform.engine.support.hierarchical.NodeTestTask.executeRecursively(NodeTestTask.java:126) ~[junit-platform-engine-1.7.1.jar:1.7.1]
	at org.junit.platform.engine.support.hierarchical.NodeTestTask.execute(NodeTestTask.java:84) ~[junit-platform-engine-1.7.1.jar:1.7.1]
	at java.util.ArrayList.forEach(ArrayList.java:1257) ~[?:1.8.0_181]
	at org.junit.platform.engine.support.hierarchical.SameThreadHierarchicalTestExecutorService.invokeAll(SameThreadHierarchicalTestExecutorService.java:38) ~[junit-platform-engine-1.7.1.jar:1.7.1]
	at org.junit.platform.engine.support.hierarchical.NodeTestTask.lambda$executeRecursively$5(NodeTestTask.java:143) ~[junit-platform-engine-1.7.1.jar:1.7.1]
	at org.junit.platform.engine.support.hierarchical.ThrowableCollector.execute(ThrowableCollector.java:73) ~[junit-platform-engine-1.7.1.jar:1.7.1]
	at org.junit.platform.engine.support.hierarchical.NodeTestTask.lambda$executeRecursively$7(NodeTestTask.java:129) ~[junit-platform-engine-1.7.1.jar:1.7.1]
	at org.junit.platform.engine.support.hierarchical.Node.around(Node.java:137) ~[junit-platform-engine-1.7.1.jar:1.7.1]
	at org.junit.platform.engine.support.hierarchical.NodeTestTask.lambda$executeRecursively$8(NodeTestTask.java:127) ~[junit-platform-engine-1.7.1.jar:1.7.1]
	at org.junit.platform.engine.support.hierarchical.ThrowableCollector.execute(ThrowableCollector.java:73) ~[junit-platform-engine-1.7.1.jar:1.7.1]
	at org.junit.platform.engine.support.hierarchical.NodeTestTask.executeRecursively(NodeTestTask.java:126) ~[junit-platform-engine-1.7.1.jar:1.7.1]
	at org.junit.platform.engine.support.hierarchical.NodeTestTask.execute(NodeTestTask.java:84) ~[junit-platform-engine-1.7.1.jar:1.7.1]
	at java.util.ArrayList.forEach(ArrayList.java:1257) ~[?:1.8.0_181]
	at org.junit.platform.engine.support.hierarchical.SameThreadHierarchicalTestExecutorService.invokeAll(SameThreadHierarchicalTestExecutorService.java:38) ~[junit-platform-engine-1.7.1.jar:1.7.1]
	at org.junit.platform.engine.support.hierarchical.NodeTestTask.lambda$executeRecursively$5(NodeTestTask.java:143) ~[junit-platform-engine-1.7.1.jar:1.7.1]
	at org.junit.platform.engine.support.hierarchical.ThrowableCollector.execute(ThrowableCollector.java:73) ~[junit-platform-engine-1.7.1.jar:1.7.1]
	at org.junit.platform.engine.support.hierarchical.NodeTestTask.lambda$executeRecursively$7(NodeTestTask.java:129) ~[junit-platform-engine-1.7.1.jar:1.7.1]
	at org.junit.platform.engine.support.hierarchical.Node.around(Node.java:137) ~[junit-platform-engine-1.7.1.jar:1.7.1]
	at org.junit.platform.engine.support.hierarchical.NodeTestTask.lambda$executeRecursively$8(NodeTestTask.java:127) ~[junit-platform-engine-1.7.1.jar:1.7.1]
	at org.junit.platform.engine.support.hierarchical.ThrowableCollector.execute(ThrowableCollector.java:73) ~[junit-platform-engine-1.7.1.jar:1.7.1]
	at org.junit.platform.engine.support.hierarchical.NodeTestTask.executeRecursively(NodeTestTask.java:126) ~[junit-platform-engine-1.7.1.jar:1.7.1]
	at org.junit.platform.engine.support.hierarchical.NodeTestTask.execute(NodeTestTask.java:84) ~[junit-platform-engine-1.7.1.jar:1.7.1]
	at org.junit.platform.engine.support.hierarchical.SameThreadHierarchicalTestExecutorService.submit(SameThreadHierarchicalTestExecutorService.java:32) ~[junit-platform-engine-1.7.1.jar:1.7.1]
	at org.junit.platform.engine.support.hierarchical.HierarchicalTestExecutor.execute(HierarchicalTestExecutor.java:57) ~[junit-platform-engine-1.7.1.jar:1.7.1]
	at org.junit.platform.engine.support.hierarchical.HierarchicalTestEngine.execute(HierarchicalTestEngine.java:51) ~[junit-platform-engine-1.7.1.jar:1.7.1]
	at org.junit.platform.launcher.core.EngineExecutionOrchestrator.execute(EngineExecutionOrchestrator.java:108) ~[junit-platform-launcher-1.7.1.jar:1.7.1]
	at org.junit.platform.launcher.core.EngineExecutionOrchestrator.execute(EngineExecutionOrchestrator.java:88) ~[junit-platform-launcher-1.7.1.jar:1.7.1]
	at org.junit.platform.launcher.core.EngineExecutionOrchestrator.lambda$execute$0(EngineExecutionOrchestrator.java:54) ~[junit-platform-launcher-1.7.1.jar:1.7.1]
	at org.junit.platform.launcher.core.EngineExecutionOrchestrator.withInterceptedStreams(EngineExecutionOrchestrator.java:67) [junit-platform-launcher-1.7.1.jar:1.7.1]
	at org.junit.platform.launcher.core.EngineExecutionOrchestrator.execute(EngineExecutionOrchestrator.java:52) [junit-platform-launcher-1.7.1.jar:1.7.1]
	at org.junit.platform.launcher.core.DefaultLauncher.execute(DefaultLauncher.java:96) [junit-platform-launcher-1.7.1.jar:1.7.1]
	at org.junit.platform.launcher.core.DefaultLauncher.execute(DefaultLauncher.java:75) [junit-platform-launcher-1.7.1.jar:1.7.1]
	at org.gradle.api.internal.tasks.testing.junitplatform.JUnitPlatformTestClassProcessor$CollectAllTestClassesExecutor.processAllTestClasses(JUnitPlatformTestClassProcessor.java:99) [gradle-testing-junit-platform-6.8.3.jar:6.8.3]
	at org.gradle.api.internal.tasks.testing.junitplatform.JUnitPlatformTestClassProcessor$CollectAllTestClassesExecutor.access$000(JUnitPlatformTestClassProcessor.java:79) [gradle-testing-junit-platform-6.8.3.jar:6.8.3]
	at org.gradle.api.internal.tasks.testing.junitplatform.JUnitPlatformTestClassProcessor.stop(JUnitPlatformTestClassProcessor.java:75) [gradle-testing-junit-platform-6.8.3.jar:6.8.3]
	at org.gradle.api.internal.tasks.testing.SuiteTestClassProcessor.stop(SuiteTestClassProcessor.java:61) [gradle-testing-base-6.8.3.jar:6.8.3]
	at sun.reflect.NativeMethodAccessorImpl.invoke0(Native Method) ~[?:1.8.0_181]
	at sun.reflect.NativeMethodAccessorImpl.invoke(NativeMethodAccessorImpl.java:62) ~[?:1.8.0_181]
	at sun.reflect.DelegatingMethodAccessorImpl.invoke(DelegatingMethodAccessorImpl.java:43) ~[?:1.8.0_181]
	at java.lang.reflect.Method.invoke(Method.java:498) ~[?:1.8.0_181]
	at org.gradle.internal.dispatch.ReflectionDispatch.dispatch(ReflectionDispatch.java:36) [gradle-messaging-6.8.3.jar:6.8.3]
	at org.gradle.internal.dispatch.ReflectionDispatch.dispatch(ReflectionDispatch.java:24) [gradle-messaging-6.8.3.jar:6.8.3]
	at org.gradle.internal.dispatch.ContextClassLoaderDispatch.dispatch(ContextClassLoaderDispatch.java:33) [gradle-messaging-6.8.3.jar:6.8.3]
	at org.gradle.internal.dispatch.ProxyDispatchAdapter$DispatchingInvocationHandler.invoke(ProxyDispatchAdapter.java:94) [gradle-messaging-6.8.3.jar:6.8.3]
	at com.sun.proxy.$Proxy2.stop(Unknown Source) [?:?]
	at org.gradle.api.internal.tasks.testing.worker.TestWorker.stop(TestWorker.java:133) [gradle-testing-base-6.8.3.jar:6.8.3]
	at sun.reflect.NativeMethodAccessorImpl.invoke0(Native Method) ~[?:1.8.0_181]
	at sun.reflect.NativeMethodAccessorImpl.invoke(NativeMethodAccessorImpl.java:62) ~[?:1.8.0_181]
	at sun.reflect.DelegatingMethodAccessorImpl.invoke(DelegatingMethodAccessorImpl.java:43) ~[?:1.8.0_181]
	at java.lang.reflect.Method.invoke(Method.java:498) ~[?:1.8.0_181]
	at org.gradle.internal.dispatch.ReflectionDispatch.dispatch(ReflectionDispatch.java:36) [gradle-messaging-6.8.3.jar:6.8.3]
	at org.gradle.internal.dispatch.ReflectionDispatch.dispatch(ReflectionDispatch.java:24) [gradle-messaging-6.8.3.jar:6.8.3]
	at org.gradle.internal.remote.internal.hub.MessageHubBackedObjectConnection$DispatchWrapper.dispatch(MessageHubBackedObjectConnection.java:182) [gradle-messaging-6.8.3.jar:6.8.3]
	at org.gradle.internal.remote.internal.hub.MessageHubBackedObjectConnection$DispatchWrapper.dispatch(MessageHubBackedObjectConnection.java:164) [gradle-messaging-6.8.3.jar:6.8.3]
	at org.gradle.internal.remote.internal.hub.MessageHub$Handler.run(MessageHub.java:414) [gradle-messaging-6.8.3.jar:6.8.3]
	at org.gradle.internal.concurrent.ExecutorPolicy$CatchAndRecordFailures.onExecute(ExecutorPolicy.java:64) [gradle-base-services-6.8.3.jar:6.8.3]
	at org.gradle.internal.concurrent.ManagedExecutorImpl$1.run(ManagedExecutorImpl.java:48) [gradle-base-services-6.8.3.jar:6.8.3]
	at java.util.concurrent.ThreadPoolExecutor.runWorker(ThreadPoolExecutor.java:1149) [?:1.8.0_181]
	at java.util.concurrent.ThreadPoolExecutor$Worker.run(ThreadPoolExecutor.java:624) [?:1.8.0_181]
	at org.gradle.internal.concurrent.ThreadFactoryImpl$ManagedThreadRunnable.run(ThreadFactoryImpl.java:56) [gradle-base-services-6.8.3.jar:6.8.3]
	at java.lang.Thread.run(Thread.java:748) [?:1.8.0_181]
Caused by: java.lang.IllegalStateException: Ambiguous mapping. Cannot map 'ChildController' method 
org.springframework.web.servlet.mvc.method.annotation.ServletAnnotationControllerHandlerMethodTests$ChildController#doGet(HttpServletRequest, HttpServletResponse)
to {GET [/child/test]}: There is already 'ChildController' bean method
org.springframework.web.servlet.mvc.method.annotation.ServletAnnotationControllerHandlerMethodTests$ChildController#doGet(HttpServletRequest, HttpServletResponse, String) mapped.
	at org.springframework.web.servlet.handler.AbstractHandlerMethodMapping$MappingRegistry.validateMethodMapping(AbstractHandlerMethodMapping.java:662) ~[spring-webmvc-5.3.7-SNAPSHOT.jar:?]
	at org.springframework.web.servlet.handler.AbstractHandlerMethodMapping$MappingRegistry.register(AbstractHandlerMethodMapping.java:628) ~[spring-webmvc-5.3.7-SNAPSHOT.jar:?]
	at org.springframework.web.servlet.handler.AbstractHandlerMethodMapping.registerHandlerMethod(AbstractHandlerMethodMapping.java:328) ~[spring-webmvc-5.3.7-SNAPSHOT.jar:?]
	at org.springframework.web.servlet.mvc.method.annotation.RequestMappingHandlerMapping.registerHandlerMethod(RequestMappingHandlerMapping.java:395) ~[spring-webmvc-5.3.7-SNAPSHOT.jar:?]
	at org.springframework.web.servlet.mvc.method.annotation.RequestMappingHandlerMapping.registerHandlerMethod(RequestMappingHandlerMapping.java:76) ~[spring-webmvc-5.3.7-SNAPSHOT.jar:?]
	at org.springframework.web.servlet.handler.AbstractHandlerMethodMapping.lambda$detectHandlerMethods$2(AbstractHandlerMethodMapping.java:298) ~[spring-webmvc-5.3.7-SNAPSHOT.jar:?]
	at java.util.LinkedHashMap.forEach(LinkedHashMap.java:684) ~[?:1.8.0_181]
	at org.springframework.web.servlet.handler.AbstractHandlerMethodMapping.detectHandlerMethods(AbstractHandlerMethodMapping.java:296) ~[spring-webmvc-5.3.7-SNAPSHOT.jar:?]
	at org.springframework.web.servlet.handler.AbstractHandlerMethodMapping.processCandidateBean(AbstractHandlerMethodMapping.java:265) ~[spring-webmvc-5.3.7-SNAPSHOT.jar:?]
	at org.springframework.web.servlet.handler.AbstractHandlerMethodMapping.initHandlerMethods(AbstractHandlerMethodMapping.java:224) ~[spring-webmvc-5.3.7-SNAPSHOT.jar:?]
	at org.springframework.web.servlet.handler.AbstractHandlerMethodMapping.afterPropertiesSet(AbstractHandlerMethodMapping.java:212) ~[spring-webmvc-5.3.7-SNAPSHOT.jar:?]
	at org.springframework.web.servlet.mvc.method.annotation.RequestMappingHandlerMapping.afterPropertiesSet(RequestMappingHandlerMapping.java:206) ~[spring-webmvc-5.3.7-SNAPSHOT.jar:?]
	at org.springframework.beans.factory.support.AbstractAutowireCapableBeanFactory.invokeInitMethods(AbstractAutowireCapableBeanFactory.java:1845) ~[spring-beans-5.3.7-SNAPSHOT.jar:5.3.7-SNAPSHOT]
	at org.springframework.beans.factory.support.AbstractAutowireCapableBeanFactory.initializeBean(AbstractAutowireCapableBeanFactory.java:1782) ~[spring-beans-5.3.7-SNAPSHOT.jar:5.3.7-SNAPSHOT]
	... 169 more
17:33:14.549 [Test worker] ERROR o.s.w.s.m.m.a.AbstractServletHandlerMethodTests$1 - Context initialization failed
org.springframework.beans.factory.BeanCreationException: Error creating bean with name 'handlerMapping': Invocation of init method failed; nested exception is java.lang.IllegalStateException: Ambiguous mapping. Cannot map 'ChildController' method 
org.springframework.web.servlet.mvc.method.annotation.ServletAnnotationControllerHandlerMethodTests$ChildController#doGet(HttpServletRequest, HttpServletResponse)
to {GET [/child/test]}: There is already 'ChildController' bean method
org.springframework.web.servlet.mvc.method.annotation.ServletAnnotationControllerHandlerMethodTests$ChildController#doGet(HttpServletRequest, HttpServletResponse, String) mapped.
	at org.springframework.beans.factory.support.AbstractAutowireCapableBeanFactory.initializeBean(AbstractAutowireCapableBeanFactory.java:1786) ~[spring-beans-5.3.7-SNAPSHOT.jar:5.3.7-SNAPSHOT]
	at org.springframework.beans.factory.support.AbstractAutowireCapableBeanFactory.doCreateBean(AbstractAutowireCapableBeanFactory.java:602) ~[spring-beans-5.3.7-SNAPSHOT.jar:5.3.7-SNAPSHOT]
	at org.springframework.beans.factory.support.AbstractAutowireCapableBeanFactory.createBean(AbstractAutowireCapableBeanFactory.java:524) ~[spring-beans-5.3.7-SNAPSHOT.jar:5.3.7-SNAPSHOT]
	at org.springframework.beans.factory.support.AbstractBeanFactory.lambda$doGetBean$0(AbstractBeanFactory.java:335) ~[spring-beans-5.3.7-SNAPSHOT.jar:5.3.7-SNAPSHOT]
	at org.springframework.beans.factory.support.DefaultSingletonBeanRegistry.getSingleton(DefaultSingletonBeanRegistry.java:234) ~[spring-beans-5.3.7-SNAPSHOT.jar:5.3.7-SNAPSHOT]
	at org.springframework.beans.factory.support.AbstractBeanFactory.doGetBean(AbstractBeanFactory.java:333) ~[spring-beans-5.3.7-SNAPSHOT.jar:5.3.7-SNAPSHOT]
	at org.springframework.beans.factory.support.AbstractBeanFactory.getBean(AbstractBeanFactory.java:208) ~[spring-beans-5.3.7-SNAPSHOT.jar:5.3.7-SNAPSHOT]
	at org.springframework.beans.factory.support.DefaultListableBeanFactory.preInstantiateSingletons(DefaultListableBeanFactory.java:944) ~[spring-beans-5.3.7-SNAPSHOT.jar:5.3.7-SNAPSHOT]
	at org.springframework.context.support.AbstractApplicationContext.finishBeanFactoryInitialization(AbstractApplicationContext.java:918) ~[spring-context-5.3.7-SNAPSHOT.jar:5.3.7-SNAPSHOT]
	at org.springframework.context.support.AbstractApplicationContext.refresh(AbstractApplicationContext.java:583) ~[spring-context-5.3.7-SNAPSHOT.jar:5.3.7-SNAPSHOT]
	at org.springframework.web.servlet.mvc.method.annotation.AbstractServletHandlerMethodTests$1.createWebApplicationContext(AbstractServletHandlerMethodTests.java:111) ~[test/:?]
	at org.springframework.web.servlet.FrameworkServlet.initWebApplicationContext(FrameworkServlet.java:591) ~[spring-webmvc-5.3.7-SNAPSHOT.jar:?]
	at org.springframework.web.servlet.FrameworkServlet.initServletBean(FrameworkServlet.java:530) ~[spring-webmvc-5.3.7-SNAPSHOT.jar:?]
	at org.springframework.web.servlet.HttpServletBean.init(HttpServletBean.java:170) ~[spring-webmvc-5.3.7-SNAPSHOT.jar:?]
	at javax.servlet.GenericServlet.init(GenericServlet.java:203) ~[javax.servlet-api-4.0.1.jar:4.0.1]
	at org.springframework.web.servlet.mvc.method.annotation.AbstractServletHandlerMethodTests.initDispatcherServlet(AbstractServletHandlerMethodTests.java:116) ~[test/:?]
	at org.springframework.web.servlet.mvc.method.annotation.AbstractServletHandlerMethodTests.initDispatcherServlet(AbstractServletHandlerMethodTests.java:70) ~[test/:?]
	at org.springframework.web.servlet.mvc.method.annotation.ServletAnnotationControllerHandlerMethodTests.lambda$equivalentMappingsWithSameMethodName$20(ServletAnnotationControllerHandlerMethodTests.java:849) ~[test/:?]
	at org.assertj.core.api.ThrowableAssert.catchThrowable(ThrowableAssert.java:62) ~[assertj-core-3.19.0.jar:?]
	at org.assertj.core.api.AssertionsForClassTypes.catchThrowable(AssertionsForClassTypes.java:877) ~[assertj-core-3.19.0.jar:?]
	at org.assertj.core.api.Assertions.catchThrowable(Assertions.java:1306) ~[assertj-core-3.19.0.jar:?]
	at org.assertj.core.api.Assertions.assertThatThrownBy(Assertions.java:1178) ~[assertj-core-3.19.0.jar:?]
	at org.springframework.web.servlet.mvc.method.annotation.ServletAnnotationControllerHandlerMethodTests.equivalentMappingsWithSameMethodName(ServletAnnotationControllerHandlerMethodTests.java:849) ~[test/:?]
	at sun.reflect.NativeMethodAccessorImpl.invoke0(Native Method) ~[?:1.8.0_181]
	at sun.reflect.NativeMethodAccessorImpl.invoke(NativeMethodAccessorImpl.java:62) ~[?:1.8.0_181]
	at sun.reflect.DelegatingMethodAccessorImpl.invoke(DelegatingMethodAccessorImpl.java:43) ~[?:1.8.0_181]
	at java.lang.reflect.Method.invoke(Method.java:498) ~[?:1.8.0_181]
	at org.junit.platform.commons.util.ReflectionUtils.invokeMethod(ReflectionUtils.java:688) ~[junit-platform-commons-1.7.1.jar:1.7.1]
	at org.junit.jupiter.engine.execution.MethodInvocation.proceed(MethodInvocation.java:60) ~[junit-jupiter-engine-5.7.1.jar:5.7.1]
	at org.junit.jupiter.engine.execution.InvocationInterceptorChain$ValidatingInvocation.proceed(InvocationInterceptorChain.java:131) ~[junit-jupiter-engine-5.7.1.jar:5.7.1]
	at org.junit.jupiter.engine.extension.TimeoutExtension.intercept(TimeoutExtension.java:149) ~[junit-jupiter-engine-5.7.1.jar:5.7.1]
	at org.junit.jupiter.engine.extension.TimeoutExtension.interceptTestableMethod(TimeoutExtension.java:140) ~[junit-jupiter-engine-5.7.1.jar:5.7.1]
	at org.junit.jupiter.engine.extension.TimeoutExtension.interceptTestTemplateMethod(TimeoutExtension.java:92) ~[junit-jupiter-engine-5.7.1.jar:5.7.1]
	at org.junit.jupiter.engine.execution.ExecutableInvoker$ReflectiveInterceptorCall.lambda$ofVoidMethod$0(ExecutableInvoker.java:115) ~[junit-jupiter-engine-5.7.1.jar:5.7.1]
	at org.junit.jupiter.engine.execution.ExecutableInvoker.lambda$invoke$0(ExecutableInvoker.java:105) ~[junit-jupiter-engine-5.7.1.jar:5.7.1]
	at org.junit.jupiter.engine.execution.InvocationInterceptorChain$InterceptedInvocation.proceed(InvocationInterceptorChain.java:106) ~[junit-jupiter-engine-5.7.1.jar:5.7.1]
	at org.junit.jupiter.engine.execution.InvocationInterceptorChain.proceed(InvocationInterceptorChain.java:64) ~[junit-jupiter-engine-5.7.1.jar:5.7.1]
	at org.junit.jupiter.engine.execution.InvocationInterceptorChain.chainAndInvoke(InvocationInterceptorChain.java:45) ~[junit-jupiter-engine-5.7.1.jar:5.7.1]
	at org.junit.jupiter.engine.execution.InvocationInterceptorChain.invoke(InvocationInterceptorChain.java:37) ~[junit-jupiter-engine-5.7.1.jar:5.7.1]
	at org.junit.jupiter.engine.execution.ExecutableInvoker.invoke(ExecutableInvoker.java:104) ~[junit-jupiter-engine-5.7.1.jar:5.7.1]
	at org.junit.jupiter.engine.execution.ExecutableInvoker.invoke(ExecutableInvoker.java:98) ~[junit-jupiter-engine-5.7.1.jar:5.7.1]
	at org.junit.jupiter.engine.descriptor.TestMethodTestDescriptor.lambda$invokeTestMethod$6(TestMethodTestDescriptor.java:210) ~[junit-jupiter-engine-5.7.1.jar:5.7.1]
	at org.junit.platform.engine.support.hierarchical.ThrowableCollector.execute(ThrowableCollector.java:73) ~[junit-platform-engine-1.7.1.jar:1.7.1]
	at org.junit.jupiter.engine.descriptor.TestMethodTestDescriptor.invokeTestMethod(TestMethodTestDescriptor.java:206) ~[junit-jupiter-engine-5.7.1.jar:5.7.1]
	at org.junit.jupiter.engine.descriptor.TestMethodTestDescriptor.execute(TestMethodTestDescriptor.java:131) ~[junit-jupiter-engine-5.7.1.jar:5.7.1]
	at org.junit.jupiter.engine.descriptor.TestMethodTestDescriptor.execute(TestMethodTestDescriptor.java:65) ~[junit-jupiter-engine-5.7.1.jar:5.7.1]
	at org.junit.platform.engine.support.hierarchical.NodeTestTask.lambda$executeRecursively$5(NodeTestTask.java:139) ~[junit-platform-engine-1.7.1.jar:1.7.1]
	at org.junit.platform.engine.support.hierarchical.ThrowableCollector.execute(ThrowableCollector.java:73) ~[junit-platform-engine-1.7.1.jar:1.7.1]
	at org.junit.platform.engine.support.hierarchical.NodeTestTask.lambda$executeRecursively$7(NodeTestTask.java:129) ~[junit-platform-engine-1.7.1.jar:1.7.1]
	at org.junit.platform.engine.support.hierarchical.Node.around(Node.java:137) ~[junit-platform-engine-1.7.1.jar:1.7.1]
	at org.junit.platform.engine.support.hierarchical.NodeTestTask.lambda$executeRecursively$8(NodeTestTask.java:127) ~[junit-platform-engine-1.7.1.jar:1.7.1]
	at org.junit.platform.engine.support.hierarchical.ThrowableCollector.execute(ThrowableCollector.java:73) ~[junit-platform-engine-1.7.1.jar:1.7.1]
	at org.junit.platform.engine.support.hierarchical.NodeTestTask.executeRecursively(NodeTestTask.java:126) ~[junit-platform-engine-1.7.1.jar:1.7.1]
	at org.junit.platform.engine.support.hierarchical.NodeTestTask.execute(NodeTestTask.java:84) ~[junit-platform-engine-1.7.1.jar:1.7.1]
	at org.junit.platform.engine.support.hierarchical.SameThreadHierarchicalTestExecutorService.submit(SameThreadHierarchicalTestExecutorService.java:32) ~[junit-platform-engine-1.7.1.jar:1.7.1]
	at org.junit.platform.engine.support.hierarchical.NodeTestTask$DefaultDynamicTestExecutor.execute(NodeTestTask.java:212) ~[junit-platform-engine-1.7.1.jar:1.7.1]
	at org.junit.platform.engine.support.hierarchical.NodeTestTask$DefaultDynamicTestExecutor.execute(NodeTestTask.java:192) ~[junit-platform-engine-1.7.1.jar:1.7.1]
	at org.junit.jupiter.engine.descriptor.TestTemplateTestDescriptor.execute(TestTemplateTestDescriptor.java:139) ~[junit-jupiter-engine-5.7.1.jar:5.7.1]
	at org.junit.jupiter.engine.descriptor.TestTemplateTestDescriptor.lambda$execute$2(TestTemplateTestDescriptor.java:107) ~[junit-jupiter-engine-5.7.1.jar:5.7.1]
	at java.util.stream.ForEachOps$ForEachOp$OfRef.accept(ForEachOps.java:184) ~[?:1.8.0_181]
	at java.util.stream.ReferencePipeline$3$1.accept(ReferencePipeline.java:193) ~[?:1.8.0_181]
	at java.util.stream.ReferencePipeline$2$1.accept(ReferencePipeline.java:175) ~[?:1.8.0_181]
	at java.util.stream.ReferencePipeline$3$1.accept(ReferencePipeline.java:193) ~[?:1.8.0_181]
	at java.util.stream.ForEachOps$ForEachOp$OfRef.accept(ForEachOps.java:184) ~[?:1.8.0_181]
	at java.util.stream.ReferencePipeline$11$1.accept(ReferencePipeline.java:373) ~[?:1.8.0_181]
	at java.util.stream.ReferencePipeline$3$1.accept(ReferencePipeline.java:193) ~[?:1.8.0_181]
	at java.util.stream.ReferencePipeline$3$1.accept(ReferencePipeline.java:193) ~[?:1.8.0_181]
	at java.util.stream.ReferencePipeline$3$1.accept(ReferencePipeline.java:193) ~[?:1.8.0_181]
	at java.util.stream.ForEachOps$ForEachOp$OfRef.accept(ForEachOps.java:184) ~[?:1.8.0_181]
	at java.util.stream.ReferencePipeline$3$1.accept(ReferencePipeline.java:193) ~[?:1.8.0_181]
	at java.util.Spliterators$ArraySpliterator.forEachRemaining(Spliterators.java:948) ~[?:1.8.0_181]
	at java.util.stream.ReferencePipeline$Head.forEach(ReferencePipeline.java:580) ~[?:1.8.0_181]
	at java.util.stream.ReferencePipeline$7$1.accept(ReferencePipeline.java:270) ~[?:1.8.0_181]
	at java.util.stream.ReferencePipeline$3$1.accept(ReferencePipeline.java:193) ~[?:1.8.0_181]
	at java.util.stream.ReferencePipeline$3$1.accept(ReferencePipeline.java:193) ~[?:1.8.0_181]
	at java.util.Spliterators$ArraySpliterator.forEachRemaining(Spliterators.java:948) ~[?:1.8.0_181]
	at java.util.stream.AbstractPipeline.copyInto(AbstractPipeline.java:481) ~[?:1.8.0_181]
	at java.util.stream.AbstractPipeline.wrapAndCopyInto(AbstractPipeline.java:471) ~[?:1.8.0_181]
	at java.util.stream.ForEachOps$ForEachOp.evaluateSequential(ForEachOps.java:151) ~[?:1.8.0_181]
	at java.util.stream.ForEachOps$ForEachOp$OfRef.evaluateSequential(ForEachOps.java:174) ~[?:1.8.0_181]
	at java.util.stream.AbstractPipeline.evaluate(AbstractPipeline.java:234) ~[?:1.8.0_181]
	at java.util.stream.ReferencePipeline.forEach(ReferencePipeline.java:418) ~[?:1.8.0_181]
	at java.util.stream.ReferencePipeline$7$1.accept(ReferencePipeline.java:270) ~[?:1.8.0_181]
	at java.util.stream.ReferencePipeline$3$1.accept(ReferencePipeline.java:193) ~[?:1.8.0_181]
	at java.util.stream.ReferencePipeline$3$1.accept(ReferencePipeline.java:193) ~[?:1.8.0_181]
	at java.util.stream.ReferencePipeline$3$1.accept(ReferencePipeline.java:193) ~[?:1.8.0_181]
	at java.util.ArrayList$ArrayListSpliterator.forEachRemaining(ArrayList.java:1382) ~[?:1.8.0_181]
	at java.util.stream.AbstractPipeline.copyInto(AbstractPipeline.java:481) ~[?:1.8.0_181]
	at java.util.stream.AbstractPipeline.wrapAndCopyInto(AbstractPipeline.java:471) ~[?:1.8.0_181]
	at java.util.stream.ForEachOps$ForEachOp.evaluateSequential(ForEachOps.java:151) ~[?:1.8.0_181]
	at java.util.stream.ForEachOps$ForEachOp$OfRef.evaluateSequential(ForEachOps.java:174) ~[?:1.8.0_181]
	at java.util.stream.AbstractPipeline.evaluate(AbstractPipeline.java:234) ~[?:1.8.0_181]
	at java.util.stream.ReferencePipeline.forEach(ReferencePipeline.java:418) ~[?:1.8.0_181]
	at java.util.stream.ReferencePipeline$7$1.accept(ReferencePipeline.java:270) ~[?:1.8.0_181]
	at java.util.ArrayList$ArrayListSpliterator.forEachRemaining(ArrayList.java:1382) ~[?:1.8.0_181]
	at java.util.stream.AbstractPipeline.copyInto(AbstractPipeline.java:481) ~[?:1.8.0_181]
	at java.util.stream.AbstractPipeline.wrapAndCopyInto(AbstractPipeline.java:471) ~[?:1.8.0_181]
	at java.util.stream.ForEachOps$ForEachOp.evaluateSequential(ForEachOps.java:151) ~[?:1.8.0_181]
	at java.util.stream.ForEachOps$ForEachOp$OfRef.evaluateSequential(ForEachOps.java:174) ~[?:1.8.0_181]
	at java.util.stream.AbstractPipeline.evaluate(AbstractPipeline.java:234) ~[?:1.8.0_181]
	at java.util.stream.ReferencePipeline.forEach(ReferencePipeline.java:418) ~[?:1.8.0_181]
	at org.junit.jupiter.engine.descriptor.TestTemplateTestDescriptor.execute(TestTemplateTestDescriptor.java:107) ~[junit-jupiter-engine-5.7.1.jar:5.7.1]
	at org.junit.jupiter.engine.descriptor.TestTemplateTestDescriptor.execute(TestTemplateTestDescriptor.java:42) ~[junit-jupiter-engine-5.7.1.jar:5.7.1]
	at org.junit.platform.engine.support.hierarchical.NodeTestTask.lambda$executeRecursively$5(NodeTestTask.java:139) ~[junit-platform-engine-1.7.1.jar:1.7.1]
	at org.junit.platform.engine.support.hierarchical.ThrowableCollector.execute(ThrowableCollector.java:73) ~[junit-platform-engine-1.7.1.jar:1.7.1]
	at org.junit.platform.engine.support.hierarchical.NodeTestTask.lambda$executeRecursively$7(NodeTestTask.java:129) ~[junit-platform-engine-1.7.1.jar:1.7.1]
	at org.junit.platform.engine.support.hierarchical.Node.around(Node.java:137) ~[junit-platform-engine-1.7.1.jar:1.7.1]
	at org.junit.platform.engine.support.hierarchical.NodeTestTask.lambda$executeRecursively$8(NodeTestTask.java:127) ~[junit-platform-engine-1.7.1.jar:1.7.1]
	at org.junit.platform.engine.support.hierarchical.ThrowableCollector.execute(ThrowableCollector.java:73) ~[junit-platform-engine-1.7.1.jar:1.7.1]
	at org.junit.platform.engine.support.hierarchical.NodeTestTask.executeRecursively(NodeTestTask.java:126) ~[junit-platform-engine-1.7.1.jar:1.7.1]
	at org.junit.platform.engine.support.hierarchical.NodeTestTask.execute(NodeTestTask.java:84) ~[junit-platform-engine-1.7.1.jar:1.7.1]
	at java.util.ArrayList.forEach(ArrayList.java:1257) ~[?:1.8.0_181]
	at org.junit.platform.engine.support.hierarchical.SameThreadHierarchicalTestExecutorService.invokeAll(SameThreadHierarchicalTestExecutorService.java:38) ~[junit-platform-engine-1.7.1.jar:1.7.1]
	at org.junit.platform.engine.support.hierarchical.NodeTestTask.lambda$executeRecursively$5(NodeTestTask.java:143) ~[junit-platform-engine-1.7.1.jar:1.7.1]
	at org.junit.platform.engine.support.hierarchical.ThrowableCollector.execute(ThrowableCollector.java:73) ~[junit-platform-engine-1.7.1.jar:1.7.1]
	at org.junit.platform.engine.support.hierarchical.NodeTestTask.lambda$executeRecursively$7(NodeTestTask.java:129) ~[junit-platform-engine-1.7.1.jar:1.7.1]
	at org.junit.platform.engine.support.hierarchical.Node.around(Node.java:137) ~[junit-platform-engine-1.7.1.jar:1.7.1]
	at org.junit.platform.engine.support.hierarchical.NodeTestTask.lambda$executeRecursively$8(NodeTestTask.java:127) ~[junit-platform-engine-1.7.1.jar:1.7.1]
	at org.junit.platform.engine.support.hierarchical.ThrowableCollector.execute(ThrowableCollector.java:73) ~[junit-platform-engine-1.7.1.jar:1.7.1]
	at org.junit.platform.engine.support.hierarchical.NodeTestTask.executeRecursively(NodeTestTask.java:126) ~[junit-platform-engine-1.7.1.jar:1.7.1]
	at org.junit.platform.engine.support.hierarchical.NodeTestTask.execute(NodeTestTask.java:84) ~[junit-platform-engine-1.7.1.jar:1.7.1]
	at java.util.ArrayList.forEach(ArrayList.java:1257) ~[?:1.8.0_181]
	at org.junit.platform.engine.support.hierarchical.SameThreadHierarchicalTestExecutorService.invokeAll(SameThreadHierarchicalTestExecutorService.java:38) ~[junit-platform-engine-1.7.1.jar:1.7.1]
	at org.junit.platform.engine.support.hierarchical.NodeTestTask.lambda$executeRecursively$5(NodeTestTask.java:143) ~[junit-platform-engine-1.7.1.jar:1.7.1]
	at org.junit.platform.engine.support.hierarchical.ThrowableCollector.execute(ThrowableCollector.java:73) ~[junit-platform-engine-1.7.1.jar:1.7.1]
	at org.junit.platform.engine.support.hierarchical.NodeTestTask.lambda$executeRecursively$7(NodeTestTask.java:129) ~[junit-platform-engine-1.7.1.jar:1.7.1]
	at org.junit.platform.engine.support.hierarchical.Node.around(Node.java:137) ~[junit-platform-engine-1.7.1.jar:1.7.1]
	at org.junit.platform.engine.support.hierarchical.NodeTestTask.lambda$executeRecursively$8(NodeTestTask.java:127) ~[junit-platform-engine-1.7.1.jar:1.7.1]
	at org.junit.platform.engine.support.hierarchical.ThrowableCollector.execute(ThrowableCollector.java:73) ~[junit-platform-engine-1.7.1.jar:1.7.1]
	at org.junit.platform.engine.support.hierarchical.NodeTestTask.executeRecursively(NodeTestTask.java:126) ~[junit-platform-engine-1.7.1.jar:1.7.1]
	at org.junit.platform.engine.support.hierarchical.NodeTestTask.execute(NodeTestTask.java:84) ~[junit-platform-engine-1.7.1.jar:1.7.1]
	at org.junit.platform.engine.support.hierarchical.SameThreadHierarchicalTestExecutorService.submit(SameThreadHierarchicalTestExecutorService.java:32) ~[junit-platform-engine-1.7.1.jar:1.7.1]
	at org.junit.platform.engine.support.hierarchical.HierarchicalTestExecutor.execute(HierarchicalTestExecutor.java:57) ~[junit-platform-engine-1.7.1.jar:1.7.1]
	at org.junit.platform.engine.support.hierarchical.HierarchicalTestEngine.execute(HierarchicalTestEngine.java:51) ~[junit-platform-engine-1.7.1.jar:1.7.1]
	at org.junit.platform.launcher.core.EngineExecutionOrchestrator.execute(EngineExecutionOrchestrator.java:108) ~[junit-platform-launcher-1.7.1.jar:1.7.1]
	at org.junit.platform.launcher.core.EngineExecutionOrchestrator.execute(EngineExecutionOrchestrator.java:88) ~[junit-platform-launcher-1.7.1.jar:1.7.1]
	at org.junit.platform.launcher.core.EngineExecutionOrchestrator.lambda$execute$0(EngineExecutionOrchestrator.java:54) ~[junit-platform-launcher-1.7.1.jar:1.7.1]
	at org.junit.platform.launcher.core.EngineExecutionOrchestrator.withInterceptedStreams(EngineExecutionOrchestrator.java:67) [junit-platform-launcher-1.7.1.jar:1.7.1]
	at org.junit.platform.launcher.core.EngineExecutionOrchestrator.execute(EngineExecutionOrchestrator.java:52) [junit-platform-launcher-1.7.1.jar:1.7.1]
	at org.junit.platform.launcher.core.DefaultLauncher.execute(DefaultLauncher.java:96) [junit-platform-launcher-1.7.1.jar:1.7.1]
	at org.junit.platform.launcher.core.DefaultLauncher.execute(DefaultLauncher.java:75) [junit-platform-launcher-1.7.1.jar:1.7.1]
	at org.gradle.api.internal.tasks.testing.junitplatform.JUnitPlatformTestClassProcessor$CollectAllTestClassesExecutor.processAllTestClasses(JUnitPlatformTestClassProcessor.java:99) [gradle-testing-junit-platform-6.8.3.jar:6.8.3]
	at org.gradle.api.internal.tasks.testing.junitplatform.JUnitPlatformTestClassProcessor$CollectAllTestClassesExecutor.access$000(JUnitPlatformTestClassProcessor.java:79) [gradle-testing-junit-platform-6.8.3.jar:6.8.3]
	at org.gradle.api.internal.tasks.testing.junitplatform.JUnitPlatformTestClassProcessor.stop(JUnitPlatformTestClassProcessor.java:75) [gradle-testing-junit-platform-6.8.3.jar:6.8.3]
	at org.gradle.api.internal.tasks.testing.SuiteTestClassProcessor.stop(SuiteTestClassProcessor.java:61) [gradle-testing-base-6.8.3.jar:6.8.3]
	at sun.reflect.NativeMethodAccessorImpl.invoke0(Native Method) ~[?:1.8.0_181]
	at sun.reflect.NativeMethodAccessorImpl.invoke(NativeMethodAccessorImpl.java:62) ~[?:1.8.0_181]
	at sun.reflect.DelegatingMethodAccessorImpl.invoke(DelegatingMethodAccessorImpl.java:43) ~[?:1.8.0_181]
	at java.lang.reflect.Method.invoke(Method.java:498) ~[?:1.8.0_181]
	at org.gradle.internal.dispatch.ReflectionDispatch.dispatch(ReflectionDispatch.java:36) [gradle-messaging-6.8.3.jar:6.8.3]
	at org.gradle.internal.dispatch.ReflectionDispatch.dispatch(ReflectionDispatch.java:24) [gradle-messaging-6.8.3.jar:6.8.3]
	at org.gradle.internal.dispatch.ContextClassLoaderDispatch.dispatch(ContextClassLoaderDispatch.java:33) [gradle-messaging-6.8.3.jar:6.8.3]
	at org.gradle.internal.dispatch.ProxyDispatchAdapter$DispatchingInvocationHandler.invoke(ProxyDispatchAdapter.java:94) [gradle-messaging-6.8.3.jar:6.8.3]
	at com.sun.proxy.$Proxy2.stop(Unknown Source) [?:?]
	at org.gradle.api.internal.tasks.testing.worker.TestWorker.stop(TestWorker.java:133) [gradle-testing-base-6.8.3.jar:6.8.3]
	at sun.reflect.NativeMethodAccessorImpl.invoke0(Native Method) ~[?:1.8.0_181]
	at sun.reflect.NativeMethodAccessorImpl.invoke(NativeMethodAccessorImpl.java:62) ~[?:1.8.0_181]
	at sun.reflect.DelegatingMethodAccessorImpl.invoke(DelegatingMethodAccessorImpl.java:43) ~[?:1.8.0_181]
	at java.lang.reflect.Method.invoke(Method.java:498) ~[?:1.8.0_181]
	at org.gradle.internal.dispatch.ReflectionDispatch.dispatch(ReflectionDispatch.java:36) [gradle-messaging-6.8.3.jar:6.8.3]
	at org.gradle.internal.dispatch.ReflectionDispatch.dispatch(ReflectionDispatch.java:24) [gradle-messaging-6.8.3.jar:6.8.3]
	at org.gradle.internal.remote.internal.hub.MessageHubBackedObjectConnection$DispatchWrapper.dispatch(MessageHubBackedObjectConnection.java:182) [gradle-messaging-6.8.3.jar:6.8.3]
	at org.gradle.internal.remote.internal.hub.MessageHubBackedObjectConnection$DispatchWrapper.dispatch(MessageHubBackedObjectConnection.java:164) [gradle-messaging-6.8.3.jar:6.8.3]
	at org.gradle.internal.remote.internal.hub.MessageHub$Handler.run(MessageHub.java:414) [gradle-messaging-6.8.3.jar:6.8.3]
	at org.gradle.internal.concurrent.ExecutorPolicy$CatchAndRecordFailures.onExecute(ExecutorPolicy.java:64) [gradle-base-services-6.8.3.jar:6.8.3]
	at org.gradle.internal.concurrent.ManagedExecutorImpl$1.run(ManagedExecutorImpl.java:48) [gradle-base-services-6.8.3.jar:6.8.3]
	at java.util.concurrent.ThreadPoolExecutor.runWorker(ThreadPoolExecutor.java:1149) [?:1.8.0_181]
	at java.util.concurrent.ThreadPoolExecutor$Worker.run(ThreadPoolExecutor.java:624) [?:1.8.0_181]
	at org.gradle.internal.concurrent.ThreadFactoryImpl$ManagedThreadRunnable.run(ThreadFactoryImpl.java:56) [gradle-base-services-6.8.3.jar:6.8.3]
	at java.lang.Thread.run(Thread.java:748) [?:1.8.0_181]
Caused by: java.lang.IllegalStateException: Ambiguous mapping. Cannot map 'ChildController' method 
org.springframework.web.servlet.mvc.method.annotation.ServletAnnotationControllerHandlerMethodTests$ChildController#doGet(HttpServletRequest, HttpServletResponse)
to {GET [/child/test]}: There is already 'ChildController' bean method
org.springframework.web.servlet.mvc.method.annotation.ServletAnnotationControllerHandlerMethodTests$ChildController#doGet(HttpServletRequest, HttpServletResponse, String) mapped.
	at org.springframework.web.servlet.handler.AbstractHandlerMethodMapping$MappingRegistry.validateMethodMapping(AbstractHandlerMethodMapping.java:662) ~[spring-webmvc-5.3.7-SNAPSHOT.jar:?]
	at org.springframework.web.servlet.handler.AbstractHandlerMethodMapping$MappingRegistry.register(AbstractHandlerMethodMapping.java:628) ~[spring-webmvc-5.3.7-SNAPSHOT.jar:?]
	at org.springframework.web.servlet.handler.AbstractHandlerMethodMapping.registerHandlerMethod(AbstractHandlerMethodMapping.java:328) ~[spring-webmvc-5.3.7-SNAPSHOT.jar:?]
	at org.springframework.web.servlet.mvc.method.annotation.RequestMappingHandlerMapping.registerHandlerMethod(RequestMappingHandlerMapping.java:395) ~[spring-webmvc-5.3.7-SNAPSHOT.jar:?]
	at org.springframework.web.servlet.mvc.method.annotation.RequestMappingHandlerMapping.registerHandlerMethod(RequestMappingHandlerMapping.java:76) ~[spring-webmvc-5.3.7-SNAPSHOT.jar:?]
	at org.springframework.web.servlet.handler.AbstractHandlerMethodMapping.lambda$detectHandlerMethods$2(AbstractHandlerMethodMapping.java:298) ~[spring-webmvc-5.3.7-SNAPSHOT.jar:?]
	at java.util.LinkedHashMap.forEach(LinkedHashMap.java:684) ~[?:1.8.0_181]
	at org.springframework.web.servlet.handler.AbstractHandlerMethodMapping.detectHandlerMethods(AbstractHandlerMethodMapping.java:296) ~[spring-webmvc-5.3.7-SNAPSHOT.jar:?]
	at org.springframework.web.servlet.handler.AbstractHandlerMethodMapping.processCandidateBean(AbstractHandlerMethodMapping.java:265) ~[spring-webmvc-5.3.7-SNAPSHOT.jar:?]
	at org.springframework.web.servlet.handler.AbstractHandlerMethodMapping.initHandlerMethods(AbstractHandlerMethodMapping.java:224) ~[spring-webmvc-5.3.7-SNAPSHOT.jar:?]
	at org.springframework.web.servlet.handler.AbstractHandlerMethodMapping.afterPropertiesSet(AbstractHandlerMethodMapping.java:212) ~[spring-webmvc-5.3.7-SNAPSHOT.jar:?]
	at org.springframework.web.servlet.mvc.method.annotation.RequestMappingHandlerMapping.afterPropertiesSet(RequestMappingHandlerMapping.java:206) ~[spring-webmvc-5.3.7-SNAPSHOT.jar:?]
	at org.springframework.beans.factory.support.AbstractAutowireCapableBeanFactory.invokeInitMethods(AbstractAutowireCapableBeanFactory.java:1845) ~[spring-beans-5.3.7-SNAPSHOT.jar:5.3.7-SNAPSHOT]
	at org.springframework.beans.factory.support.AbstractAutowireCapableBeanFactory.initializeBean(AbstractAutowireCapableBeanFactory.java:1782) ~[spring-beans-5.3.7-SNAPSHOT.jar:5.3.7-SNAPSHOT]
	... 169 more
17:33:16.242 [Test worker] WARN  o.s.w.s.PageNotFound - No mapping for GET /method
17:33:16.292 [Test worker] WARN  o.s.w.s.PageNotFound - No mapping for GET /method
17:33:17.042 [Test worker] WARN  o.s.w.s.m.s.DefaultHandlerExceptionResolver - Resolved [org.springframework.http.converter.HttpMessageNotReadableException: Could not read]
17:33:17.064 [Test worker] WARN  o.s.w.s.m.s.DefaultHandlerExceptionResolver - Resolved [org.springframework.http.converter.HttpMessageNotReadableException: Could not read]
17:33:17.146 [Test worker] WARN  o.s.w.s.m.s.DefaultHandlerExceptionResolver - Resolved [org.springframework.web.HttpMediaTypeNotAcceptableException: Could not find acceptable representation]
17:33:17.231 [Test worker] WARN  o.s.w.s.m.s.DefaultHandlerExceptionResolver - Resolved [org.springframework.web.HttpMediaTypeNotAcceptableException: Could not find acceptable representation]
17:33:17.476 [Test worker] WARN  o.s.w.s.m.s.DefaultHandlerExceptionResolver - Resolved [org.springframework.web.HttpMediaTypeNotAcceptableException: Could not find acceptable representation]
17:33:17.507 [Test worker] WARN  o.s.w.s.m.s.DefaultHandlerExceptionResolver - Resolved [org.springframework.web.HttpMediaTypeNotAcceptableException: Could not find acceptable representation]
17:33:18.120 [Test worker] WARN  o.s.w.s.m.s.DefaultHandlerExceptionResolver - Resolved [org.springframework.http.converter.HttpMessageNotReadableException: Could not unmarshal to [class org.springframework.web.servlet.mvc.method.annotation.ServletAnnotationControllerHandlerMethodTests$A]: Failed to convert value of type 'org.springframework.web.servlet.mvc.method.annotation.ServletAnnotationControllerHandlerMethodTests$B' to required type 'org.springframework.web.servlet.mvc.method.annotation.ServletAnnotationControllerHandlerMethodTests$A'; nested exception is org.springframework.beans.TypeMismatchException: Failed to convert value of type 'org.springframework.web.servlet.mvc.method.annotation.ServletAnnotationControllerHandlerMethodTests$B' to required type 'org.springframework.web.servlet.mvc.method.annotation.ServletAnnotationControllerHandlerMethodTests$A']
17:33:18.146 [Test worker] WARN  o.s.w.s.m.s.DefaultHandlerExceptionResolver - Resolved [org.springframework.http.converter.HttpMessageNotReadableException: Could not unmarshal to [class org.springframework.web.servlet.mvc.method.annotation.ServletAnnotationControllerHandlerMethodTests$A]: Failed to convert value of type 'org.springframework.web.servlet.mvc.method.annotation.ServletAnnotationControllerHandlerMethodTests$B' to required type 'org.springframework.web.servlet.mvc.method.annotation.ServletAnnotationControllerHandlerMethodTests$A'; nested exception is org.springframework.beans.TypeMismatchException: Failed to convert value of type 'org.springframework.web.servlet.mvc.method.annotation.ServletAnnotationControllerHandlerMethodTests$B' to required type 'org.springframework.web.servlet.mvc.method.annotation.ServletAnnotationControllerHandlerMethodTests$A']
17:33:18.170 [Test worker] WARN  o.s.w.s.m.s.DefaultHandlerExceptionResolver - Resolved [org.springframework.web.HttpMediaTypeNotSupportedException: Content type 'application/xml' not supported]
17:33:18.192 [Test worker] WARN  o.s.w.s.m.s.DefaultHandlerExceptionResolver - Resolved [org.springframework.web.HttpMediaTypeNotSupportedException: Content type 'application/xml' not supported]
17:33:18.703 [Test worker] WARN  o.s.w.s.PageNotFound - No mapping for GET /a1.html
17:33:19.287 [Test worker] WARN  o.s.w.s.m.s.DefaultHandlerExceptionResolver - Resolved [org.springframework.web.HttpRequestMethodNotSupportedException: Request method 'GET' not supported]
17:33:19.313 [Test worker] WARN  o.s.w.s.m.s.DefaultHandlerExceptionResolver - Resolved [org.springframework.web.HttpRequestMethodNotSupportedException: Request method 'GET' not supported]
17:33:20.181 [Test worker] WARN  o.s.w.s.m.s.DefaultHandlerExceptionResolver - Resolved [org.springframework.web.HttpMediaTypeNotAcceptableException: Could not find acceptable representation]
17:33:20.207 [Test worker] WARN  o.s.w.s.m.s.DefaultHandlerExceptionResolver - Resolved [org.springframework.web.HttpMediaTypeNotAcceptableException: Could not find acceptable representation]
17:33:20.238 [Test worker] WARN  o.s.w.s.PageNotFound - No mapping for GET /herApp/surprise.do
17:33:20.604 [Test worker] WARN  o.s.w.s.m.s.DefaultHandlerExceptionResolver - Resolved [org.springframework.web.HttpMediaTypeNotSupportedException: Content type 'application/pdf' not supported]
17:33:20.623 [Test worker] WARN  o.s.w.s.m.s.DefaultHandlerExceptionResolver - Resolved [org.springframework.web.HttpMediaTypeNotSupportedException: Content type 'application/pdf' not supported]
17:33:20.779 [Test worker] WARN  o.s.w.s.m.s.DefaultHandlerExceptionResolver - Resolved [org.springframework.web.HttpRequestMethodNotSupportedException: Request method 'GET' not supported]
17:33:20.799 [Test worker] WARN  o.s.w.s.m.s.DefaultHandlerExceptionResolver - Resolved [org.springframework.web.HttpRequestMethodNotSupportedException: Request method 'GET' not supported]
17:33:21.312 [Test worker] WARN  o.s.w.s.m.s.DefaultHandlerExceptionResolver - Resolved [org.springframework.web.method.annotation.MethodArgumentTypeMismatchException: Failed to convert value of type 'java.lang.String' to required type 'int'; nested exception is java.lang.NumberFormatException: For input string: "foo"]
17:33:21.334 [Test worker] WARN  o.s.w.s.m.s.DefaultHandlerExceptionResolver - Resolved [org.springframework.web.method.annotation.MethodArgumentTypeMismatchException: Failed to convert value of type 'java.lang.String' to required type 'int'; nested exception is java.lang.NumberFormatException: For input string: "foo"]
17:33:21.439 [Test worker] WARN  o.s.w.s.PageNotFound - No mapping for GET /myPath3.do
17:33:21.768 [Test worker] WARN  o.s.w.s.PageNotFound - No mapping for GET /a3.html
17:33:21.840 [Test worker] WARN  o.s.w.s.m.s.DefaultHandlerExceptionResolver - Resolved [org.springframework.web.bind.MissingServletRequestParameterException: Required request parameter 'id' for method parameter type int is not present]
17:33:21.854 [Test worker] WARN  o.s.w.s.m.s.DefaultHandlerExceptionResolver - Resolved [org.springframework.web.bind.MissingServletRequestParameterException: Required request parameter 'id' for method parameter type int is not present]
17:33:21.984 [Test worker] WARN  o.s.w.s.m.s.DefaultHandlerExceptionResolver - Resolved [org.springframework.web.HttpMediaTypeNotSupportedException: Content type 'application/xml' not supported]
17:33:22.003 [Test worker] WARN  o.s.w.s.m.s.DefaultHandlerExceptionResolver - Resolved [org.springframework.web.HttpMediaTypeNotSupportedException: Content type 'application/xml' not supported]
]]></system-out>
  <system-err><![CDATA[]]></system-err>
</testsuite>
